22-10-11 21:03:53.099 :       Model Name : BSRGAN
22-10-11 21:03:53.107 :           GPU ID : 0
22-10-11 21:05:42.921 :       Model Name : BSRGAN
22-10-11 21:05:42.922 :           GPU ID : 0
22-10-11 21:05:44.802 :       Input Path : testsets\RealSRSet
22-10-11 21:05:44.803 :      Output Path : testsets\RealSRSet_results_x4
22-10-11 21:05:44.805 : ---1 --> BSRGAN --> x4--> Lincoln.png
22-10-11 21:05:56.321 : ---2 --> BSRGAN --> x4--> building.png
22-10-11 21:05:56.532 : ---3 --> BSRGAN --> x4--> butterfly.png
22-10-11 21:05:56.964 : ---4 --> BSRGAN --> x4--> butterfly2.png
22-10-11 21:05:57.191 : ---5 --> BSRGAN --> x4--> chip.png
22-10-11 21:05:57.511 : ---6 --> BSRGAN --> x4--> comic1.png
22-10-11 21:05:57.734 : ---7 --> BSRGAN --> x4--> comic2.png
22-10-11 21:05:57.989 : ---8 --> BSRGAN --> x4--> comic3.png
22-10-11 21:05:58.412 : ---9 --> BSRGAN --> x4--> computer.png
22-10-11 21:05:58.872 : --10 --> BSRGAN --> x4--> dog.png
22-10-11 21:05:59.456 : --11 --> BSRGAN --> x4--> dped_crop00061.png
22-10-11 21:05:59.778 : --12 --> BSRGAN --> x4--> foreman.png
22-10-11 21:06:00.206 : --13 --> BSRGAN --> x4--> frog.png
22-10-11 21:06:00.608 : --14 --> BSRGAN --> x4--> oldphoto2.png
22-10-11 21:06:01.232 : --15 --> BSRGAN --> x4--> oldphoto3.png
22-10-11 21:06:01.513 : --16 --> BSRGAN --> x4--> oldphoto6.png
22-10-11 21:06:02.003 : --17 --> BSRGAN --> x4--> painting.png
22-10-11 21:06:02.549 : --18 --> BSRGAN --> x4--> pattern.png
22-10-11 21:06:03.045 : --19 --> BSRGAN --> x4--> ppt3.png
22-10-11 21:06:03.371 : --20 --> BSRGAN --> x4--> tiger.png
22-11-10 15:08:54.247 :       Model Name : BSRGAN
22-11-10 15:08:54.251 :           GPU ID : 0
22-11-10 15:08:56.094 :       Input Path : testsets\RealSRSet
22-11-10 15:08:56.094 :      Output Path : testsets\RealSRSet_results_x4
22-11-10 15:08:56.095 : ---1 --> BSRGAN --> x4--> testsets\RealSRSet\Lincoln.png.png
22-11-10 15:10:04.010 :       Model Name : BSRGAN
22-11-10 15:10:04.012 :           GPU ID : 0
22-11-10 15:10:04.683 :       Input Path : testsets\RealSRSet
22-11-10 15:10:04.683 :      Output Path : testsets\RealSRSet_results_x4
22-11-10 15:10:04.684 : ---1 --> BSRGAN --> x4--> testsets\RealSRSet\Lincoln.png.png
22-11-10 15:10:51.813 :       Model Name : BSRGAN
22-11-10 15:10:51.815 :           GPU ID : 0
22-11-10 15:10:52.452 :       Input Path : testsets\RealSRSet
22-11-10 15:10:52.452 :      Output Path : testsets\RealSRSet_results_x4
22-11-10 15:10:52.452 : ---1 --> BSRGAN --> x4--> testsets\RealSRSet\Lincoln.png.png
22-11-10 15:13:11.440 :       Model Name : BSRGAN
22-11-10 15:13:11.441 :           GPU ID : 0
22-11-10 15:13:12.053 :       Input Path : testsets\RealSRSet
22-11-10 15:13:12.053 :      Output Path : testsets\RealSRSet_results_x4
22-11-10 15:13:12.054 : ---1 --> BSRGAN --> x4--> testsets\RealSRSet\Lincoln.png.png
22-11-10 15:14:58.567 :       Model Name : BSRGAN
22-11-10 15:14:58.569 :           GPU ID : 0
22-11-10 15:14:59.151 :       Input Path : testsets\RealSRSet
22-11-10 15:14:59.151 :      Output Path : testsets\RealSRSet_results_x4
22-11-10 15:14:59.152 : ---1 --> BSRGAN --> x4--> testsets\RealSRSet\videoplayback (1).mp4.mp4
22-11-10 15:18:52.685 :       Model Name : BSRGAN
22-11-10 15:18:52.687 :           GPU ID : 0
22-11-10 15:18:53.318 :       Input Path : testsets\RealSRSet
22-11-10 15:18:53.318 :      Output Path : testsets\RealSRSet_results_x4
22-11-10 15:18:53.319 : ---1 --> BSRGAN --> x4--> testsets\RealSRSet\videoplayback (1).mp4.mp4
22-11-10 17:12:29.600 :       Model Name : BSRGAN
22-11-10 17:12:29.602 :           GPU ID : 0
22-11-10 17:12:30.253 :       Input Path : testsets\RealSRSet
22-11-10 17:12:30.253 :      Output Path : testsets\RealSRSet_results_x4
22-11-10 17:12:30.254 : ---1 --> BSRGAN --> x4--> testsets\RealSRSet\videoplayback (1).mp4.mp4
22-11-10 17:13:40.536 :       Model Name : BSRGAN
22-11-10 17:13:40.537 :           GPU ID : 0
22-11-10 17:13:41.166 :       Input Path : testsets\RealSRSet
22-11-10 17:13:41.166 :      Output Path : testsets\RealSRSet_results_x4
22-11-10 17:13:41.167 : ---1 --> BSRGAN --> x4--> testsets\RealSRSet\videoplayback (1).mp4.mp4
22-11-10 17:14:24.543 :       Model Name : BSRGAN
22-11-10 17:14:24.545 :           GPU ID : 0
22-11-10 17:14:25.189 :       Input Path : testsets\RealSRSet
22-11-10 17:14:25.190 :      Output Path : testsets\RealSRSet_results_x4
22-11-10 17:14:25.191 : ---1 --> BSRGAN --> x4--> testsets\RealSRSet\videoplayback (1).mp4.mp4
22-11-10 17:19:27.594 :       Model Name : BSRGAN
22-11-10 17:19:27.595 :           GPU ID : 0
22-11-10 17:19:28.260 :       Input Path : testsets\RealSRSet
22-11-10 17:19:28.260 :      Output Path : testsets\RealSRSet_results_x4
22-11-10 17:19:28.261 : ---1 --> BSRGAN --> x4--> testsets\RealSRSet\videoplayback (1).mp4.mp4
22-11-10 17:21:06.487 :       Model Name : BSRGAN
22-11-10 17:21:06.489 :           GPU ID : 0
22-11-10 17:21:07.186 :       Input Path : testsets\RealSRSet
22-11-10 17:21:07.186 :      Output Path : testsets\RealSRSet_results_x4
22-11-10 17:21:07.187 : ---1 --> BSRGAN --> x4--> testsets\RealSRSet\videoplayback (1).mp4.mp4
22-11-10 17:22:09.415 :       Model Name : BSRGAN
22-11-10 17:22:09.417 :           GPU ID : 0
22-11-10 17:22:10.153 :       Input Path : testsets\RealSRSet
22-11-10 17:22:10.153 :      Output Path : testsets\RealSRSet_results_x4
22-11-10 17:22:10.154 : ---1 --> BSRGAN --> x4--> testsets\RealSRSet\videoplayback (1).mp4.mp4
22-11-10 17:22:34.634 :       Model Name : BSRGAN
22-11-10 17:22:34.636 :           GPU ID : 0
22-11-10 17:22:35.208 :       Input Path : testsets\RealSRSet
22-11-10 17:22:35.208 :      Output Path : testsets\RealSRSet_results_x4
22-11-10 17:22:35.209 : ---1 --> BSRGAN --> x4--> testsets\RealSRSet\videoplayback (1).mp4.mp4
22-11-10 17:22:35.209 : {:s}
22-11-10 17:22:56.376 :       Model Name : BSRGAN
22-11-10 17:22:56.378 :           GPU ID : 0
22-11-10 17:22:57.019 :       Input Path : testsets\RealSRSet
22-11-10 17:22:57.019 :      Output Path : testsets\RealSRSet_results_x4
22-11-10 17:22:57.020 : ---1 --> BSRGAN --> x4--> testsets\RealSRSet\videoplayback (1).mp4.mp4
22-11-10 17:22:57.020 : {:s}
22-11-10 17:25:10.414 :       Model Name : BSRGAN
22-11-10 17:25:10.416 :           GPU ID : 0
22-11-10 17:25:11.082 :       Input Path : testsets\RealSRSet
22-11-10 17:25:11.083 :      Output Path : testsets\RealSRSet_results_x4
22-11-10 17:25:11.083 : ---1 --> BSRGAN --> x4--> testsets\RealSRSet\videoplayback (1).mp4.mp4
22-11-10 17:25:11.084 : {:s}
22-11-10 17:26:02.159 :       Model Name : BSRGAN
22-11-10 17:26:02.161 :           GPU ID : 0
22-11-10 17:26:02.831 :       Input Path : testsets\RealSRSet
22-11-10 17:26:02.831 :      Output Path : testsets\RealSRSet_results_x4
22-11-10 17:26:02.832 : ---1 --> BSRGAN --> x4--> testsets\RealSRSet\videoplayback (1).mp4.mp4
22-11-10 17:26:02.832 : {:s}
22-11-10 17:26:30.901 :       Model Name : BSRGAN
22-11-10 17:26:30.902 :           GPU ID : 0
22-11-10 17:26:31.560 :       Input Path : testsets\RealSRSet
22-11-10 17:26:31.560 :      Output Path : testsets\RealSRSet_results_x4
22-11-10 17:26:31.561 : ---1 --> BSRGAN --> x4--> testsets\RealSRSet\videoplayback (1).mp4.mp4
22-11-10 17:26:31.561 : {:s}
22-11-10 17:26:50.064 :       Model Name : BSRGAN
22-11-10 17:26:50.066 :           GPU ID : 0
22-11-10 17:26:50.657 :       Input Path : testsets\RealSRSet
22-11-10 17:26:50.657 :      Output Path : testsets\RealSRSet_results_x4
22-11-10 17:26:50.658 : ---1 --> BSRGAN --> x4--> testsets\RealSRSet\videoplayback (1).mp4.mp4
22-11-10 17:28:20.242 :       Model Name : BSRGAN
22-11-10 17:28:20.244 :           GPU ID : 0
22-11-10 17:28:20.950 :       Input Path : testsets\RealSRSet
22-11-10 17:28:20.950 :      Output Path : testsets\RealSRSet_results_x4
22-11-10 17:28:20.951 : ---1 --> BSRGAN --> x4--> testsets\RealSRSet\videoplayback.mp4.mp4
22-11-10 17:29:43.853 :       Model Name : BSRGAN
22-11-10 17:29:43.854 :           GPU ID : 0
22-11-10 17:29:44.480 :       Input Path : testsets\RealSRSet
22-11-10 17:29:44.480 :      Output Path : testsets\RealSRSet_results_x4
22-11-10 17:29:44.481 : ---1 --> BSRGAN --> x4--> testsets\RealSRSet\videoplayback.mp4.mp4
22-11-10 17:31:21.047 :       Model Name : BSRGAN
22-11-10 17:31:21.049 :           GPU ID : 0
22-11-10 17:31:21.700 :       Input Path : testsets\RealSRSet
22-11-10 17:31:21.700 :      Output Path : testsets\RealSRSet_results_x4
22-11-10 17:31:21.701 : ---1 --> BSRGAN --> x4--> testsets\RealSRSet\videoplayback.mp4.mp4
22-11-10 19:25:42.620 :       Model Name : BSRGAN
22-11-10 19:25:42.622 :           GPU ID : 0
22-11-10 19:25:43.310 :       Input Path : testsets\RealSRSet
22-11-10 19:25:43.310 :      Output Path : testsets\RealSRSet_results_x4
22-11-10 19:25:43.311 : ---1 --> BSRGAN --> x4--> testsets\RealSRSet\videoplayback.mp4.mp4
22-11-10 19:28:08.024 :       Model Name : BSRGAN
22-11-10 19:28:08.025 :           GPU ID : 0
22-11-10 19:28:08.524 :       Input Path : testsets\RealSRSet
22-11-10 19:28:08.524 :      Output Path : testsets\RealSRSet_results_x4
22-11-10 19:28:08.525 : ---1 --> BSRGAN --> x4--> testsets\RealSRSet\videoplayback.mp4.mp4
22-11-10 19:44:02.713 :       Model Name : BSRGAN
22-11-10 19:44:02.715 :           GPU ID : 0
22-11-10 19:44:03.132 :       Input Path : testsets\RealSRSet
22-11-10 19:44:03.132 :      Output Path : testsets\RealSRSet_results_x4
22-11-10 19:44:03.133 : ---1 --> BSRGAN --> x4--> testsets\RealSRSet\videoplayback.mp4.mp4
22-11-10 21:58:30.296 :       Model Name : BSRGAN
22-11-10 21:58:30.297 :           GPU ID : 0
22-11-10 21:58:30.704 :       Input Path : testsets\RealSRSet
22-11-10 21:58:30.704 :      Output Path : testsets\RealSRSet_results_x4
22-11-10 21:58:30.705 : ---1 --> BSRGAN --> x4--> testsets\RealSRSet\videoplayback.mp4.mp4
22-11-10 21:59:25.710 :       Model Name : BSRGAN
22-11-10 21:59:25.711 :           GPU ID : 0
22-11-10 21:59:26.108 :       Input Path : testsets\RealSRSet
22-11-10 21:59:26.108 :      Output Path : testsets\RealSRSet_results_x4
22-11-10 21:59:26.109 : ---1 --> BSRGAN --> x4--> testsets\RealSRSet\videoplayback.mp4.mp4
22-11-10 22:01:27.728 :       Model Name : BSRGAN
22-11-10 22:01:27.729 :           GPU ID : 0
22-11-10 22:01:28.159 :       Input Path : testsets\RealSRSet
22-11-10 22:01:28.159 :      Output Path : testsets\RealSRSet_results_x4
22-11-10 22:01:28.160 : ---1 --> BSRGAN --> x4--> testsets\RealSRSet\videoplayback.mp4.mp4
22-11-10 22:03:16.737 :       Model Name : BSRGAN
22-11-10 22:03:16.738 :           GPU ID : 0
22-11-10 22:03:17.161 :       Input Path : testsets\RealSRSet
22-11-10 22:03:17.162 :      Output Path : testsets\RealSRSet_results_x4
22-11-10 22:03:17.162 : ---1 --> BSRGAN --> x4--> testsets\RealSRSet\videoplayback.mp4.mp4
22-11-16 16:03:20.444 :       Model Name : BSRGAN
22-11-16 16:03:20.446 :           GPU ID : 0
22-11-16 16:03:22.237 :       Input Path : testsets\RealSRSet
22-11-16 16:03:22.237 :      Output Path : testsets\RealSRSet_results_x4
22-11-16 16:03:22.238 : ---1 --> BSRGAN --> x4--> testsets\RealSRSet\videoplayback.mp4.mp4
22-11-16 16:05:22.977 :       Model Name : BSRGAN
22-11-16 16:05:22.978 :           GPU ID : 0
22-11-16 16:05:23.388 :       Input Path : testsets\RealSRSet
22-11-16 16:05:23.388 :      Output Path : testsets\RealSRSet_results_x4
22-11-16 16:05:23.389 : ---1 --> BSRGAN --> x4--> testsets\RealSRSet\videoplayback.mp4.mp4
22-11-16 16:06:14.129 :       Model Name : BSRGAN
22-11-16 16:06:14.130 :           GPU ID : 0
22-11-16 16:06:14.554 :       Input Path : testsets\RealSRSet
22-11-16 16:06:14.554 :      Output Path : testsets\RealSRSet_results_x4
22-11-16 16:06:14.555 : ---1 --> BSRGAN --> x4--> testsets\RealSRSet\videoplayback.mp4.mp4
22-11-16 16:06:32.765 :       Model Name : BSRGAN
22-11-16 16:06:32.766 :           GPU ID : 0
22-11-16 16:06:33.192 :       Input Path : testsets\RealSRSet
22-11-16 16:06:33.192 :      Output Path : testsets\RealSRSet_results_x4
22-11-16 16:06:33.193 : ---1 --> BSRGAN --> x4--> testsets\RealSRSet\videoplayback.mp4.mp4
22-11-16 16:19:37.166 :       Model Name : BSRGAN
22-11-16 16:19:37.169 :           GPU ID : 0
22-11-16 16:19:39.076 :       Input Path : testsets\VIDEO
22-11-16 16:19:39.076 :      Output Path : testsets\VIDEO_results_x4
22-11-16 16:21:58.815 :       Model Name : BSRGAN
22-11-16 16:21:58.816 :           GPU ID : 0
22-11-16 16:21:59.281 :       Input Path : testsets\VIDEO
22-11-16 16:21:59.282 :      Output Path : testsets\VIDEO_results_x4
22-11-16 16:21:59.403 : ---1 --> BSRGAN --> x4--> 000000.jpg
22-11-16 16:22:02.612 : ---2 --> BSRGAN --> x4--> 000001.jpg
22-11-16 16:22:03.394 : ---3 --> BSRGAN --> x4--> 000002.jpg
22-11-16 16:22:04.170 : ---4 --> BSRGAN --> x4--> 000003.jpg
22-11-16 16:22:04.948 : ---5 --> BSRGAN --> x4--> 000004.jpg
22-11-16 16:22:05.719 : ---6 --> BSRGAN --> x4--> 000005.jpg
22-11-16 16:22:06.498 : ---7 --> BSRGAN --> x4--> 000006.jpg
22-11-16 16:22:07.272 : ---8 --> BSRGAN --> x4--> 000007.jpg
22-11-16 16:22:08.045 : ---9 --> BSRGAN --> x4--> 000008.jpg
22-11-16 16:22:08.832 : --10 --> BSRGAN --> x4--> 000009.jpg
22-11-16 16:22:09.612 : --11 --> BSRGAN --> x4--> 000010.jpg
22-11-16 16:22:10.378 : --12 --> BSRGAN --> x4--> 000011.jpg
22-11-16 16:22:11.142 : --13 --> BSRGAN --> x4--> 000012.jpg
22-11-16 16:22:11.914 : --14 --> BSRGAN --> x4--> 000013.jpg
22-11-16 16:22:12.688 : --15 --> BSRGAN --> x4--> 000014.jpg
22-11-16 16:22:13.452 : --16 --> BSRGAN --> x4--> 000015.jpg
22-11-16 16:22:14.227 : --17 --> BSRGAN --> x4--> 000016.jpg
22-11-16 16:22:14.992 : --18 --> BSRGAN --> x4--> 000017.jpg
22-11-16 16:22:15.758 : --19 --> BSRGAN --> x4--> 000018.jpg
22-11-16 16:22:16.524 : --20 --> BSRGAN --> x4--> 000019.jpg
22-11-16 16:22:17.312 : --21 --> BSRGAN --> x4--> 000020.jpg
22-11-16 16:22:18.095 : --22 --> BSRGAN --> x4--> 000021.jpg
22-11-16 16:22:18.866 : --23 --> BSRGAN --> x4--> 000022.jpg
22-11-16 16:22:19.654 : --24 --> BSRGAN --> x4--> 000023.jpg
22-11-16 16:22:20.422 : --25 --> BSRGAN --> x4--> 000024.jpg
22-11-16 16:22:21.183 : --26 --> BSRGAN --> x4--> 000025.jpg
22-11-16 16:22:21.951 : --27 --> BSRGAN --> x4--> 000026.jpg
22-11-16 16:22:22.736 : --28 --> BSRGAN --> x4--> 000027.jpg
22-11-16 16:22:23.566 : --29 --> BSRGAN --> x4--> 000028.jpg
22-11-16 16:22:24.345 : --30 --> BSRGAN --> x4--> 000029.jpg
22-11-16 16:22:25.139 : --31 --> BSRGAN --> x4--> 000030.jpg
22-11-16 16:22:25.913 : --32 --> BSRGAN --> x4--> 000031.jpg
22-11-16 16:22:26.681 : --33 --> BSRGAN --> x4--> 000032.jpg
22-11-16 16:22:27.452 : --34 --> BSRGAN --> x4--> 000033.jpg
22-11-16 16:22:28.221 : --35 --> BSRGAN --> x4--> 000034.jpg
22-11-16 16:22:28.996 : --36 --> BSRGAN --> x4--> 000035.jpg
22-11-16 16:22:29.773 : --37 --> BSRGAN --> x4--> 000036.jpg
22-11-16 16:22:30.558 : --38 --> BSRGAN --> x4--> 000037.jpg
22-11-16 16:22:31.344 : --39 --> BSRGAN --> x4--> 000038.jpg
22-11-16 16:22:32.115 : --40 --> BSRGAN --> x4--> 000039.jpg
22-11-16 16:22:32.912 : --41 --> BSRGAN --> x4--> 000040.jpg
22-11-16 16:22:33.700 : --42 --> BSRGAN --> x4--> 000041.jpg
22-11-16 16:22:34.484 : --43 --> BSRGAN --> x4--> 000042.jpg
22-11-16 16:22:35.276 : --44 --> BSRGAN --> x4--> 000043.jpg
22-11-16 16:22:36.073 : --45 --> BSRGAN --> x4--> 000044.jpg
22-11-16 16:22:36.856 : --46 --> BSRGAN --> x4--> 000045.jpg
22-11-16 16:22:37.640 : --47 --> BSRGAN --> x4--> 000046.jpg
22-11-16 16:22:38.412 : --48 --> BSRGAN --> x4--> 000047.jpg
22-11-16 16:22:39.179 : --49 --> BSRGAN --> x4--> 000048.jpg
22-11-16 16:22:39.960 : --50 --> BSRGAN --> x4--> 000049.jpg
22-11-16 16:22:40.748 : --51 --> BSRGAN --> x4--> 000050.jpg
22-11-16 16:22:41.527 : --52 --> BSRGAN --> x4--> 000051.jpg
22-11-16 16:22:42.309 : --53 --> BSRGAN --> x4--> 000052.jpg
22-11-16 16:22:43.096 : --54 --> BSRGAN --> x4--> 000053.jpg
22-11-16 16:22:43.868 : --55 --> BSRGAN --> x4--> 000054.jpg
22-11-16 16:22:44.660 : --56 --> BSRGAN --> x4--> 000055.jpg
22-11-16 16:22:45.434 : --57 --> BSRGAN --> x4--> 000056.jpg
22-11-16 16:22:46.210 : --58 --> BSRGAN --> x4--> 000057.jpg
22-11-16 16:22:46.995 : --59 --> BSRGAN --> x4--> 000058.jpg
22-11-16 16:22:47.778 : --60 --> BSRGAN --> x4--> 000059.jpg
22-11-16 16:22:48.549 : --61 --> BSRGAN --> x4--> 000060.jpg
22-11-16 16:22:49.324 : --62 --> BSRGAN --> x4--> 000061.jpg
22-11-16 16:22:50.109 : --63 --> BSRGAN --> x4--> 000062.jpg
22-11-16 16:22:50.889 : --64 --> BSRGAN --> x4--> 000063.jpg
22-11-16 16:22:51.669 : --65 --> BSRGAN --> x4--> 000064.jpg
22-11-16 16:22:52.453 : --66 --> BSRGAN --> x4--> 000065.jpg
22-11-16 16:22:53.241 : --67 --> BSRGAN --> x4--> 000066.jpg
22-11-16 16:22:54.026 : --68 --> BSRGAN --> x4--> 000067.jpg
22-11-16 16:22:54.803 : --69 --> BSRGAN --> x4--> 000068.jpg
22-11-16 16:22:55.574 : --70 --> BSRGAN --> x4--> 000069.jpg
22-11-16 16:22:56.349 : --71 --> BSRGAN --> x4--> 000070.jpg
22-11-16 16:22:57.129 : --72 --> BSRGAN --> x4--> 000071.jpg
22-11-16 16:22:57.916 : --73 --> BSRGAN --> x4--> 000072.jpg
22-11-16 16:22:58.710 : --74 --> BSRGAN --> x4--> 000073.jpg
22-11-16 16:22:59.483 : --75 --> BSRGAN --> x4--> 000074.jpg
22-11-16 16:23:00.269 : --76 --> BSRGAN --> x4--> 000075.jpg
22-11-16 16:23:01.050 : --77 --> BSRGAN --> x4--> 000076.jpg
22-11-16 16:23:01.839 : --78 --> BSRGAN --> x4--> 000077.jpg
22-11-16 16:23:02.615 : --79 --> BSRGAN --> x4--> 000078.jpg
22-11-16 16:23:03.385 : --80 --> BSRGAN --> x4--> 000079.jpg
22-11-16 16:23:04.150 : --81 --> BSRGAN --> x4--> 000080.jpg
22-11-16 16:23:04.931 : --82 --> BSRGAN --> x4--> 000081.jpg
22-11-16 16:23:05.705 : --83 --> BSRGAN --> x4--> 000082.jpg
22-11-16 16:23:06.486 : --84 --> BSRGAN --> x4--> 000083.jpg
22-11-16 16:23:07.276 : --85 --> BSRGAN --> x4--> 000084.jpg
22-11-16 16:23:08.046 : --86 --> BSRGAN --> x4--> 000085.jpg
22-11-16 16:23:08.815 : --87 --> BSRGAN --> x4--> 000086.jpg
22-11-16 16:23:09.581 : --88 --> BSRGAN --> x4--> 000087.jpg
22-11-16 16:23:10.365 : --89 --> BSRGAN --> x4--> 000088.jpg
22-11-16 16:23:11.167 : --90 --> BSRGAN --> x4--> 000089.jpg
22-11-16 16:23:11.965 : --91 --> BSRGAN --> x4--> 000090.jpg
22-11-16 16:23:12.771 : --92 --> BSRGAN --> x4--> 000091.jpg
22-11-16 16:23:13.583 : --93 --> BSRGAN --> x4--> 000092.jpg
22-11-16 16:23:14.392 : --94 --> BSRGAN --> x4--> 000093.jpg
22-11-16 16:23:15.183 : --95 --> BSRGAN --> x4--> 000094.jpg
22-11-16 16:23:15.976 : --96 --> BSRGAN --> x4--> 000095.jpg
22-11-16 16:23:16.781 : --97 --> BSRGAN --> x4--> 000096.jpg
22-11-16 16:23:17.580 : --98 --> BSRGAN --> x4--> 000097.jpg
22-11-16 16:23:18.379 : --99 --> BSRGAN --> x4--> 000098.jpg
22-11-16 16:23:19.173 : -100 --> BSRGAN --> x4--> 000099.jpg
22-11-16 16:23:19.966 : -101 --> BSRGAN --> x4--> 000100.jpg
22-11-16 16:23:20.752 : -102 --> BSRGAN --> x4--> 000101.jpg
22-11-16 16:23:21.538 : -103 --> BSRGAN --> x4--> 000102.jpg
22-11-16 16:23:22.334 : -104 --> BSRGAN --> x4--> 000103.jpg
22-11-16 16:23:23.156 : -105 --> BSRGAN --> x4--> 000104.jpg
22-11-16 16:23:23.953 : -106 --> BSRGAN --> x4--> 000105.jpg
22-11-16 16:23:24.734 : -107 --> BSRGAN --> x4--> 000106.jpg
22-11-16 16:23:25.539 : -108 --> BSRGAN --> x4--> 000107.jpg
22-11-16 16:23:26.337 : -109 --> BSRGAN --> x4--> 000108.jpg
22-11-16 16:23:27.111 : -110 --> BSRGAN --> x4--> 000109.jpg
22-11-16 16:23:27.876 : -111 --> BSRGAN --> x4--> 000110.jpg
22-11-16 16:23:28.645 : -112 --> BSRGAN --> x4--> 000111.jpg
22-11-16 16:23:29.410 : -113 --> BSRGAN --> x4--> 000112.jpg
22-11-16 16:23:30.175 : -114 --> BSRGAN --> x4--> 000113.jpg
22-11-16 16:23:30.943 : -115 --> BSRGAN --> x4--> 000114.jpg
22-11-16 16:23:31.708 : -116 --> BSRGAN --> x4--> 000115.jpg
22-11-16 16:23:32.483 : -117 --> BSRGAN --> x4--> 000116.jpg
22-11-16 16:23:33.250 : -118 --> BSRGAN --> x4--> 000117.jpg
22-11-16 16:23:34.017 : -119 --> BSRGAN --> x4--> 000118.jpg
22-11-16 16:23:34.786 : -120 --> BSRGAN --> x4--> 000119.jpg
22-11-16 16:23:35.551 : -121 --> BSRGAN --> x4--> 000120.jpg
22-11-16 16:23:36.317 : -122 --> BSRGAN --> x4--> 000121.jpg
22-11-16 16:23:37.083 : -123 --> BSRGAN --> x4--> 000122.jpg
22-11-16 16:23:37.854 : -124 --> BSRGAN --> x4--> 000123.jpg
22-11-16 16:23:38.618 : -125 --> BSRGAN --> x4--> 000124.jpg
22-11-16 16:23:39.385 : -126 --> BSRGAN --> x4--> 000125.jpg
22-11-16 16:23:40.152 : -127 --> BSRGAN --> x4--> 000126.jpg
22-11-16 16:23:40.919 : -128 --> BSRGAN --> x4--> 000127.jpg
22-11-16 16:23:41.684 : -129 --> BSRGAN --> x4--> 000128.jpg
22-11-16 16:23:42.453 : -130 --> BSRGAN --> x4--> 000129.jpg
22-11-16 16:23:43.220 : -131 --> BSRGAN --> x4--> 000130.jpg
22-11-16 16:23:43.986 : -132 --> BSRGAN --> x4--> 000131.jpg
22-11-16 16:23:44.751 : -133 --> BSRGAN --> x4--> 000132.jpg
22-11-16 16:23:45.517 : -134 --> BSRGAN --> x4--> 000133.jpg
22-11-16 16:23:46.283 : -135 --> BSRGAN --> x4--> 000134.jpg
22-11-16 16:23:47.048 : -136 --> BSRGAN --> x4--> 000135.jpg
22-11-16 16:23:47.823 : -137 --> BSRGAN --> x4--> 000136.jpg
22-11-16 16:23:48.590 : -138 --> BSRGAN --> x4--> 000137.jpg
22-11-16 16:23:49.357 : -139 --> BSRGAN --> x4--> 000138.jpg
22-11-16 16:23:50.123 : -140 --> BSRGAN --> x4--> 000139.jpg
22-11-16 16:23:50.888 : -141 --> BSRGAN --> x4--> 000140.jpg
22-11-16 16:23:51.655 : -142 --> BSRGAN --> x4--> 000141.jpg
22-11-16 16:23:52.421 : -143 --> BSRGAN --> x4--> 000142.jpg
22-11-16 16:23:53.198 : -144 --> BSRGAN --> x4--> 000143.jpg
22-11-16 16:23:53.968 : -145 --> BSRGAN --> x4--> 000144.jpg
22-11-16 16:23:54.732 : -146 --> BSRGAN --> x4--> 000145.jpg
22-11-16 16:23:55.499 : -147 --> BSRGAN --> x4--> 000146.jpg
22-11-16 16:23:56.265 : -148 --> BSRGAN --> x4--> 000147.jpg
22-11-16 16:23:57.033 : -149 --> BSRGAN --> x4--> 000148.jpg
22-11-16 16:23:57.798 : -150 --> BSRGAN --> x4--> 000149.jpg
22-11-16 16:23:58.575 : -151 --> BSRGAN --> x4--> 000150.jpg
22-11-16 16:23:59.341 : -152 --> BSRGAN --> x4--> 000151.jpg
22-11-16 16:24:00.109 : -153 --> BSRGAN --> x4--> 000152.jpg
22-11-16 16:24:00.876 : -154 --> BSRGAN --> x4--> 000153.jpg
22-11-16 16:24:01.642 : -155 --> BSRGAN --> x4--> 000154.jpg
22-11-16 16:24:02.411 : -156 --> BSRGAN --> x4--> 000155.jpg
22-11-16 16:24:03.180 : -157 --> BSRGAN --> x4--> 000156.jpg
22-11-16 16:24:03.957 : -158 --> BSRGAN --> x4--> 000157.jpg
22-11-16 16:24:04.723 : -159 --> BSRGAN --> x4--> 000158.jpg
22-11-16 16:24:05.489 : -160 --> BSRGAN --> x4--> 000159.jpg
22-11-16 16:24:06.254 : -161 --> BSRGAN --> x4--> 000160.jpg
22-11-16 16:24:07.018 : -162 --> BSRGAN --> x4--> 000161.jpg
22-11-16 16:24:07.782 : -163 --> BSRGAN --> x4--> 000162.jpg
22-11-16 16:24:08.545 : -164 --> BSRGAN --> x4--> 000163.jpg
22-11-16 16:24:09.319 : -165 --> BSRGAN --> x4--> 000164.jpg
22-11-16 16:24:10.084 : -166 --> BSRGAN --> x4--> 000165.jpg
22-11-16 16:24:10.848 : -167 --> BSRGAN --> x4--> 000166.jpg
22-11-16 16:24:11.612 : -168 --> BSRGAN --> x4--> 000167.jpg
22-11-16 16:24:12.376 : -169 --> BSRGAN --> x4--> 000168.jpg
22-11-16 16:24:13.138 : -170 --> BSRGAN --> x4--> 000169.jpg
22-11-16 16:24:13.882 : -171 --> BSRGAN --> x4--> 000170.jpg
22-11-16 16:24:14.650 : -172 --> BSRGAN --> x4--> 000171.jpg
22-11-16 16:24:15.416 : -173 --> BSRGAN --> x4--> 000172.jpg
22-11-16 16:24:16.181 : -174 --> BSRGAN --> x4--> 000173.jpg
22-11-16 16:24:16.946 : -175 --> BSRGAN --> x4--> 000174.jpg
22-11-16 16:24:17.711 : -176 --> BSRGAN --> x4--> 000175.jpg
22-11-16 16:24:18.478 : -177 --> BSRGAN --> x4--> 000176.jpg
22-11-16 16:24:19.241 : -178 --> BSRGAN --> x4--> 000177.jpg
22-11-16 16:24:20.007 : -179 --> BSRGAN --> x4--> 000178.jpg
22-11-16 16:24:20.771 : -180 --> BSRGAN --> x4--> 000179.jpg
22-11-16 16:24:21.537 : -181 --> BSRGAN --> x4--> 000180.jpg
22-11-16 16:24:22.301 : -182 --> BSRGAN --> x4--> 000181.jpg
22-11-16 16:24:23.066 : -183 --> BSRGAN --> x4--> 000182.jpg
22-11-16 16:24:23.831 : -184 --> BSRGAN --> x4--> 000183.jpg
22-11-16 16:24:24.596 : -185 --> BSRGAN --> x4--> 000184.jpg
22-11-16 16:24:25.360 : -186 --> BSRGAN --> x4--> 000185.jpg
22-11-16 16:24:26.129 : -187 --> BSRGAN --> x4--> 000186.jpg
22-11-16 16:24:26.893 : -188 --> BSRGAN --> x4--> 000187.jpg
22-11-16 16:24:27.659 : -189 --> BSRGAN --> x4--> 000188.jpg
22-11-16 16:24:28.427 : -190 --> BSRGAN --> x4--> 000189.jpg
22-11-16 16:24:29.193 : -191 --> BSRGAN --> x4--> 000190.jpg
22-11-16 16:24:29.959 : -192 --> BSRGAN --> x4--> 000191.jpg
22-11-16 16:24:30.725 : -193 --> BSRGAN --> x4--> 000192.jpg
22-11-16 16:24:31.493 : -194 --> BSRGAN --> x4--> 000193.jpg
22-11-16 16:24:32.259 : -195 --> BSRGAN --> x4--> 000194.jpg
22-11-16 16:24:33.026 : -196 --> BSRGAN --> x4--> 000195.jpg
22-11-16 16:24:33.792 : -197 --> BSRGAN --> x4--> 000196.jpg
22-11-16 16:24:34.559 : -198 --> BSRGAN --> x4--> 000197.jpg
22-11-16 16:24:35.325 : -199 --> BSRGAN --> x4--> 000198.jpg
22-11-16 16:24:36.094 : -200 --> BSRGAN --> x4--> 000199.jpg
22-11-16 16:24:36.864 : -201 --> BSRGAN --> x4--> 000200.jpg
22-11-16 16:24:37.630 : -202 --> BSRGAN --> x4--> 000201.jpg
22-11-16 16:24:38.397 : -203 --> BSRGAN --> x4--> 000202.jpg
22-11-16 16:24:39.163 : -204 --> BSRGAN --> x4--> 000203.jpg
22-11-16 16:24:39.932 : -205 --> BSRGAN --> x4--> 000204.jpg
22-11-16 16:24:40.699 : -206 --> BSRGAN --> x4--> 000205.jpg
22-11-16 16:24:41.466 : -207 --> BSRGAN --> x4--> 000206.jpg
22-11-16 16:24:42.240 : -208 --> BSRGAN --> x4--> 000207.jpg
22-11-16 16:24:43.008 : -209 --> BSRGAN --> x4--> 000208.jpg
22-11-16 16:24:43.778 : -210 --> BSRGAN --> x4--> 000209.jpg
22-11-16 16:24:44.544 : -211 --> BSRGAN --> x4--> 000210.jpg
22-11-16 16:24:45.313 : -212 --> BSRGAN --> x4--> 000211.jpg
22-11-16 16:24:46.079 : -213 --> BSRGAN --> x4--> 000212.jpg
22-11-16 16:24:46.847 : -214 --> BSRGAN --> x4--> 000213.jpg
22-11-16 16:24:47.623 : -215 --> BSRGAN --> x4--> 000214.jpg
22-11-16 16:24:48.391 : -216 --> BSRGAN --> x4--> 000215.jpg
22-11-16 16:24:49.160 : -217 --> BSRGAN --> x4--> 000216.jpg
22-11-16 16:24:49.927 : -218 --> BSRGAN --> x4--> 000217.jpg
22-11-16 16:24:50.696 : -219 --> BSRGAN --> x4--> 000218.jpg
22-11-16 16:24:51.467 : -220 --> BSRGAN --> x4--> 000219.jpg
22-11-16 16:24:52.234 : -221 --> BSRGAN --> x4--> 000220.jpg
22-11-16 16:24:53.016 : -222 --> BSRGAN --> x4--> 000221.jpg
22-11-16 16:24:53.787 : -223 --> BSRGAN --> x4--> 000222.jpg
22-11-16 16:24:54.555 : -224 --> BSRGAN --> x4--> 000223.jpg
22-11-16 16:24:55.323 : -225 --> BSRGAN --> x4--> 000224.jpg
22-11-16 16:24:56.092 : -226 --> BSRGAN --> x4--> 000225.jpg
22-11-16 16:24:56.861 : -227 --> BSRGAN --> x4--> 000226.jpg
22-11-16 16:24:57.630 : -228 --> BSRGAN --> x4--> 000227.jpg
22-11-16 16:24:58.411 : -229 --> BSRGAN --> x4--> 000228.jpg
22-11-16 16:24:59.179 : -230 --> BSRGAN --> x4--> 000229.jpg
22-11-16 16:24:59.951 : -231 --> BSRGAN --> x4--> 000230.jpg
22-11-16 16:25:00.721 : -232 --> BSRGAN --> x4--> 000231.jpg
22-11-16 16:25:01.491 : -233 --> BSRGAN --> x4--> 000232.jpg
22-11-16 16:25:02.259 : -234 --> BSRGAN --> x4--> 000233.jpg
22-11-16 16:25:03.028 : -235 --> BSRGAN --> x4--> 000234.jpg
22-11-16 16:25:03.808 : -236 --> BSRGAN --> x4--> 000235.jpg
22-11-16 16:25:04.579 : -237 --> BSRGAN --> x4--> 000236.jpg
22-11-16 16:25:05.347 : -238 --> BSRGAN --> x4--> 000237.jpg
22-11-16 16:25:06.116 : -239 --> BSRGAN --> x4--> 000238.jpg
22-11-16 16:25:06.886 : -240 --> BSRGAN --> x4--> 000239.jpg
22-11-16 16:25:07.660 : -241 --> BSRGAN --> x4--> 000240.jpg
22-11-16 16:25:08.433 : -242 --> BSRGAN --> x4--> 000241.jpg
22-11-16 16:25:09.218 : -243 --> BSRGAN --> x4--> 000242.jpg
22-11-16 16:25:09.991 : -244 --> BSRGAN --> x4--> 000243.jpg
22-11-16 16:25:10.760 : -245 --> BSRGAN --> x4--> 000244.jpg
22-11-16 16:25:11.529 : -246 --> BSRGAN --> x4--> 000245.jpg
22-11-16 16:25:12.303 : -247 --> BSRGAN --> x4--> 000246.jpg
22-11-16 16:25:13.073 : -248 --> BSRGAN --> x4--> 000247.jpg
22-11-16 16:25:13.844 : -249 --> BSRGAN --> x4--> 000248.jpg
22-11-16 16:25:14.623 : -250 --> BSRGAN --> x4--> 000249.jpg
22-11-16 16:25:15.395 : -251 --> BSRGAN --> x4--> 000250.jpg
22-11-16 16:25:16.167 : -252 --> BSRGAN --> x4--> 000251.jpg
22-11-16 16:25:16.938 : -253 --> BSRGAN --> x4--> 000252.jpg
22-11-16 16:25:17.710 : -254 --> BSRGAN --> x4--> 000253.jpg
22-11-16 16:25:18.481 : -255 --> BSRGAN --> x4--> 000254.jpg
22-11-16 16:25:19.238 : -256 --> BSRGAN --> x4--> 000255.jpg
22-11-16 16:25:19.996 : -257 --> BSRGAN --> x4--> 000256.jpg
22-11-16 16:25:20.743 : -258 --> BSRGAN --> x4--> 000257.jpg
22-11-16 16:25:21.491 : -259 --> BSRGAN --> x4--> 000258.jpg
22-11-16 16:25:22.248 : -260 --> BSRGAN --> x4--> 000259.jpg
22-11-16 16:25:23.007 : -261 --> BSRGAN --> x4--> 000260.jpg
22-11-16 16:25:23.761 : -262 --> BSRGAN --> x4--> 000261.jpg
22-11-16 16:25:24.521 : -263 --> BSRGAN --> x4--> 000262.jpg
22-11-16 16:25:25.285 : -264 --> BSRGAN --> x4--> 000263.jpg
22-11-16 16:25:26.043 : -265 --> BSRGAN --> x4--> 000264.jpg
22-11-16 16:25:26.801 : -266 --> BSRGAN --> x4--> 000265.jpg
22-11-16 16:25:27.561 : -267 --> BSRGAN --> x4--> 000266.jpg
22-11-16 16:25:28.321 : -268 --> BSRGAN --> x4--> 000267.jpg
22-11-16 16:25:29.079 : -269 --> BSRGAN --> x4--> 000268.jpg
22-11-16 16:25:29.835 : -270 --> BSRGAN --> x4--> 000269.jpg
22-11-16 16:25:30.605 : -271 --> BSRGAN --> x4--> 000270.jpg
22-11-16 16:25:31.364 : -272 --> BSRGAN --> x4--> 000271.jpg
22-11-16 16:25:32.124 : -273 --> BSRGAN --> x4--> 000272.jpg
22-11-16 16:25:32.882 : -274 --> BSRGAN --> x4--> 000273.jpg
22-11-16 16:25:33.640 : -275 --> BSRGAN --> x4--> 000274.jpg
22-11-16 16:25:34.398 : -276 --> BSRGAN --> x4--> 000275.jpg
22-11-16 16:25:35.155 : -277 --> BSRGAN --> x4--> 000276.jpg
22-11-16 16:25:35.911 : -278 --> BSRGAN --> x4--> 000277.jpg
22-11-16 16:25:36.670 : -279 --> BSRGAN --> x4--> 000278.jpg
22-11-16 16:25:37.427 : -280 --> BSRGAN --> x4--> 000279.jpg
22-11-16 16:25:38.186 : -281 --> BSRGAN --> x4--> 000280.jpg
22-11-16 16:25:38.942 : -282 --> BSRGAN --> x4--> 000281.jpg
22-11-16 16:25:39.700 : -283 --> BSRGAN --> x4--> 000282.jpg
22-11-16 16:25:40.458 : -284 --> BSRGAN --> x4--> 000283.jpg
22-11-16 16:25:41.214 : -285 --> BSRGAN --> x4--> 000284.jpg
22-11-16 16:25:41.967 : -286 --> BSRGAN --> x4--> 000285.jpg
22-11-16 16:25:42.721 : -287 --> BSRGAN --> x4--> 000286.jpg
22-11-16 16:25:43.474 : -288 --> BSRGAN --> x4--> 000287.jpg
22-11-16 16:25:44.229 : -289 --> BSRGAN --> x4--> 000288.jpg
22-11-16 16:25:44.983 : -290 --> BSRGAN --> x4--> 000289.jpg
22-11-16 16:25:45.737 : -291 --> BSRGAN --> x4--> 000290.jpg
22-11-16 16:25:46.495 : -292 --> BSRGAN --> x4--> 000291.jpg
22-11-16 16:25:47.250 : -293 --> BSRGAN --> x4--> 000292.jpg
22-11-16 16:25:48.005 : -294 --> BSRGAN --> x4--> 000293.jpg
22-11-16 16:25:48.762 : -295 --> BSRGAN --> x4--> 000294.jpg
22-11-16 16:25:49.516 : -296 --> BSRGAN --> x4--> 000295.jpg
22-11-16 16:25:50.272 : -297 --> BSRGAN --> x4--> 000296.jpg
22-11-16 16:25:51.028 : -298 --> BSRGAN --> x4--> 000297.jpg
22-11-16 16:25:51.783 : -299 --> BSRGAN --> x4--> 000298.jpg
22-11-16 16:25:52.546 : -300 --> BSRGAN --> x4--> 000299.jpg
22-11-16 16:25:53.303 : -301 --> BSRGAN --> x4--> 000300.jpg
22-11-16 16:25:54.058 : -302 --> BSRGAN --> x4--> 000301.jpg
22-11-16 16:25:54.813 : -303 --> BSRGAN --> x4--> 000302.jpg
22-11-16 16:25:55.569 : -304 --> BSRGAN --> x4--> 000303.jpg
22-11-16 16:25:56.329 : -305 --> BSRGAN --> x4--> 000304.jpg
22-11-16 16:25:57.093 : -306 --> BSRGAN --> x4--> 000305.jpg
22-11-16 16:25:57.864 : -307 --> BSRGAN --> x4--> 000306.jpg
22-11-16 16:25:58.628 : -308 --> BSRGAN --> x4--> 000307.jpg
22-11-16 16:25:59.392 : -309 --> BSRGAN --> x4--> 000308.jpg
22-11-16 16:26:00.156 : -310 --> BSRGAN --> x4--> 000309.jpg
22-11-16 16:26:00.921 : -311 --> BSRGAN --> x4--> 000310.jpg
22-11-16 16:26:01.688 : -312 --> BSRGAN --> x4--> 000311.jpg
22-11-16 16:26:02.451 : -313 --> BSRGAN --> x4--> 000312.jpg
22-11-16 16:26:03.227 : -314 --> BSRGAN --> x4--> 000313.jpg
22-11-16 16:26:03.989 : -315 --> BSRGAN --> x4--> 000314.jpg
22-11-16 16:26:04.753 : -316 --> BSRGAN --> x4--> 000315.jpg
22-11-16 16:26:05.517 : -317 --> BSRGAN --> x4--> 000316.jpg
22-11-16 16:26:06.280 : -318 --> BSRGAN --> x4--> 000317.jpg
22-11-16 16:26:07.042 : -319 --> BSRGAN --> x4--> 000318.jpg
22-11-16 16:26:07.805 : -320 --> BSRGAN --> x4--> 000319.jpg
22-11-16 16:26:08.578 : -321 --> BSRGAN --> x4--> 000320.jpg
22-11-16 16:26:09.339 : -322 --> BSRGAN --> x4--> 000321.jpg
22-11-16 16:26:10.101 : -323 --> BSRGAN --> x4--> 000322.jpg
22-11-16 16:26:10.863 : -324 --> BSRGAN --> x4--> 000323.jpg
22-11-16 16:26:11.623 : -325 --> BSRGAN --> x4--> 000324.jpg
22-11-16 16:26:12.384 : -326 --> BSRGAN --> x4--> 000325.jpg
22-11-16 16:26:13.146 : -327 --> BSRGAN --> x4--> 000326.jpg
22-11-16 16:26:13.911 : -328 --> BSRGAN --> x4--> 000327.jpg
22-11-16 16:26:14.674 : -329 --> BSRGAN --> x4--> 000328.jpg
22-11-16 16:26:15.437 : -330 --> BSRGAN --> x4--> 000329.jpg
22-11-16 16:26:16.201 : -331 --> BSRGAN --> x4--> 000330.jpg
22-11-16 16:26:16.964 : -332 --> BSRGAN --> x4--> 000331.jpg
22-11-16 16:26:17.728 : -333 --> BSRGAN --> x4--> 000332.jpg
22-11-16 16:26:18.490 : -334 --> BSRGAN --> x4--> 000333.jpg
22-11-16 16:26:19.253 : -335 --> BSRGAN --> x4--> 000334.jpg
22-11-16 16:26:20.017 : -336 --> BSRGAN --> x4--> 000335.jpg
22-11-16 16:26:20.778 : -337 --> BSRGAN --> x4--> 000336.jpg
22-11-16 16:26:21.538 : -338 --> BSRGAN --> x4--> 000337.jpg
22-11-16 16:26:22.299 : -339 --> BSRGAN --> x4--> 000338.jpg
22-11-16 16:26:23.060 : -340 --> BSRGAN --> x4--> 000339.jpg
22-11-16 16:26:23.819 : -341 --> BSRGAN --> x4--> 000340.jpg
22-11-16 16:26:24.581 : -342 --> BSRGAN --> x4--> 000341.jpg
22-11-16 16:26:25.344 : -343 --> BSRGAN --> x4--> 000342.jpg
22-11-16 16:26:26.106 : -344 --> BSRGAN --> x4--> 000343.jpg
22-11-16 16:26:26.868 : -345 --> BSRGAN --> x4--> 000344.jpg
22-11-16 16:26:27.632 : -346 --> BSRGAN --> x4--> 000345.jpg
22-11-16 16:26:28.390 : -347 --> BSRGAN --> x4--> 000346.jpg
22-11-16 16:26:29.152 : -348 --> BSRGAN --> x4--> 000347.jpg
22-11-16 16:26:29.914 : -349 --> BSRGAN --> x4--> 000348.jpg
22-11-16 16:26:30.675 : -350 --> BSRGAN --> x4--> 000349.jpg
22-11-16 16:26:31.436 : -351 --> BSRGAN --> x4--> 000350.jpg
22-11-16 16:26:32.204 : -352 --> BSRGAN --> x4--> 000351.jpg
22-11-16 16:26:32.971 : -353 --> BSRGAN --> x4--> 000352.jpg
22-11-16 16:26:33.733 : -354 --> BSRGAN --> x4--> 000353.jpg
22-11-16 16:26:34.493 : -355 --> BSRGAN --> x4--> 000354.jpg
22-11-16 16:26:35.253 : -356 --> BSRGAN --> x4--> 000355.jpg
22-11-16 16:26:36.020 : -357 --> BSRGAN --> x4--> 000356.jpg
22-11-16 16:26:36.777 : -358 --> BSRGAN --> x4--> 000357.jpg
22-11-16 16:26:37.535 : -359 --> BSRGAN --> x4--> 000358.jpg
22-11-16 16:26:38.298 : -360 --> BSRGAN --> x4--> 000359.jpg
22-11-16 16:26:39.058 : -361 --> BSRGAN --> x4--> 000360.jpg
22-11-16 16:26:39.816 : -362 --> BSRGAN --> x4--> 000361.jpg
22-11-16 16:26:40.575 : -363 --> BSRGAN --> x4--> 000362.jpg
22-11-16 16:26:41.342 : -364 --> BSRGAN --> x4--> 000363.jpg
22-11-16 16:26:42.103 : -365 --> BSRGAN --> x4--> 000364.jpg
22-11-16 16:26:42.861 : -366 --> BSRGAN --> x4--> 000365.jpg
22-11-16 16:26:43.621 : -367 --> BSRGAN --> x4--> 000366.jpg
22-11-16 16:26:44.379 : -368 --> BSRGAN --> x4--> 000367.jpg
22-11-16 16:26:45.139 : -369 --> BSRGAN --> x4--> 000368.jpg
22-11-16 16:26:45.897 : -370 --> BSRGAN --> x4--> 000369.jpg
22-11-16 16:26:46.663 : -371 --> BSRGAN --> x4--> 000370.jpg
22-11-16 16:26:47.422 : -372 --> BSRGAN --> x4--> 000371.jpg
22-11-16 16:26:48.183 : -373 --> BSRGAN --> x4--> 000372.jpg
22-11-16 16:26:48.940 : -374 --> BSRGAN --> x4--> 000373.jpg
22-11-16 16:26:49.700 : -375 --> BSRGAN --> x4--> 000374.jpg
22-11-16 16:26:50.459 : -376 --> BSRGAN --> x4--> 000375.jpg
22-11-16 16:26:51.218 : -377 --> BSRGAN --> x4--> 000376.jpg
22-11-16 16:26:51.984 : -378 --> BSRGAN --> x4--> 000377.jpg
22-11-16 16:26:52.742 : -379 --> BSRGAN --> x4--> 000378.jpg
22-11-16 16:26:53.501 : -380 --> BSRGAN --> x4--> 000379.jpg
22-11-16 16:26:54.261 : -381 --> BSRGAN --> x4--> 000380.jpg
22-11-16 16:26:55.020 : -382 --> BSRGAN --> x4--> 000381.jpg
22-11-16 16:26:55.780 : -383 --> BSRGAN --> x4--> 000382.jpg
22-11-16 16:26:56.539 : -384 --> BSRGAN --> x4--> 000383.jpg
22-11-16 16:26:57.305 : -385 --> BSRGAN --> x4--> 000384.jpg
22-11-16 16:26:58.067 : -386 --> BSRGAN --> x4--> 000385.jpg
22-11-16 16:26:58.827 : -387 --> BSRGAN --> x4--> 000386.jpg
22-11-16 16:26:59.584 : -388 --> BSRGAN --> x4--> 000387.jpg
22-11-16 16:27:00.343 : -389 --> BSRGAN --> x4--> 000388.jpg
22-11-16 16:27:01.101 : -390 --> BSRGAN --> x4--> 000389.jpg
22-11-16 16:27:01.856 : -391 --> BSRGAN --> x4--> 000390.jpg
22-11-16 16:27:02.609 : -392 --> BSRGAN --> x4--> 000391.jpg
22-11-16 16:27:03.365 : -393 --> BSRGAN --> x4--> 000392.jpg
22-11-16 16:27:04.120 : -394 --> BSRGAN --> x4--> 000393.jpg
22-11-16 16:27:04.879 : -395 --> BSRGAN --> x4--> 000394.jpg
22-11-16 16:27:05.633 : -396 --> BSRGAN --> x4--> 000395.jpg
22-11-16 16:27:06.388 : -397 --> BSRGAN --> x4--> 000396.jpg
22-11-16 16:27:07.148 : -398 --> BSRGAN --> x4--> 000397.jpg
22-11-16 16:27:07.901 : -399 --> BSRGAN --> x4--> 000398.jpg
22-11-16 16:27:08.656 : -400 --> BSRGAN --> x4--> 000399.jpg
22-11-16 16:27:09.411 : -401 --> BSRGAN --> x4--> 000400.jpg
22-11-16 16:27:10.164 : -402 --> BSRGAN --> x4--> 000401.jpg
22-11-16 16:27:10.916 : -403 --> BSRGAN --> x4--> 000402.jpg
22-11-16 16:27:11.668 : -404 --> BSRGAN --> x4--> 000403.jpg
22-11-16 16:27:12.420 : -405 --> BSRGAN --> x4--> 000404.jpg
22-11-16 16:27:13.173 : -406 --> BSRGAN --> x4--> 000405.jpg
22-11-16 16:27:13.935 : -407 --> BSRGAN --> x4--> 000406.jpg
22-11-16 16:27:14.685 : -408 --> BSRGAN --> x4--> 000407.jpg
22-11-16 16:27:15.434 : -409 --> BSRGAN --> x4--> 000408.jpg
22-11-16 16:27:16.185 : -410 --> BSRGAN --> x4--> 000409.jpg
22-11-16 16:27:16.934 : -411 --> BSRGAN --> x4--> 000410.jpg
22-11-16 16:27:17.682 : -412 --> BSRGAN --> x4--> 000411.jpg
22-11-16 16:27:18.434 : -413 --> BSRGAN --> x4--> 000412.jpg
22-11-16 16:27:19.198 : -414 --> BSRGAN --> x4--> 000413.jpg
22-11-16 16:27:19.947 : -415 --> BSRGAN --> x4--> 000414.jpg
22-11-16 16:27:20.694 : -416 --> BSRGAN --> x4--> 000415.jpg
22-11-16 16:27:21.440 : -417 --> BSRGAN --> x4--> 000416.jpg
22-11-16 16:27:22.186 : -418 --> BSRGAN --> x4--> 000417.jpg
22-11-16 16:27:22.933 : -419 --> BSRGAN --> x4--> 000418.jpg
22-11-16 16:27:23.677 : -420 --> BSRGAN --> x4--> 000419.jpg
22-11-16 16:27:24.452 : -421 --> BSRGAN --> x4--> 000420.jpg
22-11-16 16:27:25.224 : -422 --> BSRGAN --> x4--> 000421.jpg
22-11-16 16:27:25.991 : -423 --> BSRGAN --> x4--> 000422.jpg
22-11-16 16:27:26.759 : -424 --> BSRGAN --> x4--> 000423.jpg
22-11-16 16:27:27.529 : -425 --> BSRGAN --> x4--> 000424.jpg
22-11-16 16:27:28.300 : -426 --> BSRGAN --> x4--> 000425.jpg
22-11-16 16:27:29.070 : -427 --> BSRGAN --> x4--> 000426.jpg
22-11-16 16:27:29.842 : -428 --> BSRGAN --> x4--> 000427.jpg
22-11-16 16:27:30.612 : -429 --> BSRGAN --> x4--> 000428.jpg
22-11-16 16:27:31.382 : -430 --> BSRGAN --> x4--> 000429.jpg
22-11-16 16:27:32.151 : -431 --> BSRGAN --> x4--> 000430.jpg
22-11-16 16:27:32.926 : -432 --> BSRGAN --> x4--> 000431.jpg
22-11-16 16:27:33.696 : -433 --> BSRGAN --> x4--> 000432.jpg
22-11-16 16:27:34.463 : -434 --> BSRGAN --> x4--> 000433.jpg
22-11-16 16:27:35.236 : -435 --> BSRGAN --> x4--> 000434.jpg
22-11-16 16:27:36.004 : -436 --> BSRGAN --> x4--> 000435.jpg
22-11-16 16:27:36.773 : -437 --> BSRGAN --> x4--> 000436.jpg
22-11-16 16:27:37.544 : -438 --> BSRGAN --> x4--> 000437.jpg
22-11-16 16:27:38.316 : -439 --> BSRGAN --> x4--> 000438.jpg
22-11-16 16:27:39.086 : -440 --> BSRGAN --> x4--> 000439.jpg
22-11-16 16:27:39.856 : -441 --> BSRGAN --> x4--> 000440.jpg
22-11-16 16:27:40.628 : -442 --> BSRGAN --> x4--> 000441.jpg
22-11-16 16:27:41.397 : -443 --> BSRGAN --> x4--> 000442.jpg
22-11-16 16:27:42.167 : -444 --> BSRGAN --> x4--> 000443.jpg
22-11-16 16:27:42.938 : -445 --> BSRGAN --> x4--> 000444.jpg
22-11-16 16:27:43.711 : -446 --> BSRGAN --> x4--> 000445.jpg
22-11-16 16:27:44.483 : -447 --> BSRGAN --> x4--> 000446.jpg
22-11-16 16:27:45.253 : -448 --> BSRGAN --> x4--> 000447.jpg
22-11-16 16:27:46.024 : -449 --> BSRGAN --> x4--> 000448.jpg
22-11-16 16:27:46.799 : -450 --> BSRGAN --> x4--> 000449.jpg
22-11-16 16:27:47.570 : -451 --> BSRGAN --> x4--> 000450.jpg
22-11-16 16:27:48.345 : -452 --> BSRGAN --> x4--> 000451.jpg
22-11-16 16:27:49.113 : -453 --> BSRGAN --> x4--> 000452.jpg
22-11-16 16:27:49.887 : -454 --> BSRGAN --> x4--> 000453.jpg
22-11-16 16:27:50.660 : -455 --> BSRGAN --> x4--> 000454.jpg
22-11-16 16:27:51.431 : -456 --> BSRGAN --> x4--> 000455.jpg
22-11-16 16:27:52.206 : -457 --> BSRGAN --> x4--> 000456.jpg
22-11-16 16:27:52.976 : -458 --> BSRGAN --> x4--> 000457.jpg
22-11-16 16:27:53.748 : -459 --> BSRGAN --> x4--> 000458.jpg
22-11-16 16:27:54.519 : -460 --> BSRGAN --> x4--> 000459.jpg
22-11-16 16:27:55.292 : -461 --> BSRGAN --> x4--> 000460.jpg
22-11-16 16:27:56.065 : -462 --> BSRGAN --> x4--> 000461.jpg
22-11-16 16:27:56.839 : -463 --> BSRGAN --> x4--> 000462.jpg
22-11-16 16:27:57.611 : -464 --> BSRGAN --> x4--> 000463.jpg
22-11-16 16:27:58.387 : -465 --> BSRGAN --> x4--> 000464.jpg
22-11-16 16:27:59.160 : -466 --> BSRGAN --> x4--> 000465.jpg
22-11-16 16:27:59.933 : -467 --> BSRGAN --> x4--> 000466.jpg
22-11-16 16:28:00.707 : -468 --> BSRGAN --> x4--> 000467.jpg
22-11-16 16:28:01.480 : -469 --> BSRGAN --> x4--> 000468.jpg
22-11-16 16:28:02.255 : -470 --> BSRGAN --> x4--> 000469.jpg
22-11-16 16:28:03.030 : -471 --> BSRGAN --> x4--> 000470.jpg
22-11-16 16:28:03.805 : -472 --> BSRGAN --> x4--> 000471.jpg
22-11-16 16:28:04.578 : -473 --> BSRGAN --> x4--> 000472.jpg
22-11-16 16:28:05.354 : -474 --> BSRGAN --> x4--> 000473.jpg
22-11-16 16:28:06.127 : -475 --> BSRGAN --> x4--> 000474.jpg
22-11-16 16:28:06.901 : -476 --> BSRGAN --> x4--> 000475.jpg
22-11-16 16:28:07.675 : -477 --> BSRGAN --> x4--> 000476.jpg
22-11-16 16:28:08.452 : -478 --> BSRGAN --> x4--> 000477.jpg
22-11-16 16:28:09.222 : -479 --> BSRGAN --> x4--> 000478.jpg
22-11-16 16:28:09.997 : -480 --> BSRGAN --> x4--> 000479.jpg
22-11-16 16:28:10.771 : -481 --> BSRGAN --> x4--> 000480.jpg
22-11-16 16:28:11.547 : -482 --> BSRGAN --> x4--> 000481.jpg
22-11-16 16:28:12.317 : -483 --> BSRGAN --> x4--> 000482.jpg
22-11-16 16:28:13.089 : -484 --> BSRGAN --> x4--> 000483.jpg
22-11-16 16:28:13.859 : -485 --> BSRGAN --> x4--> 000484.jpg
22-11-16 16:28:14.632 : -486 --> BSRGAN --> x4--> 000485.jpg
22-11-16 16:28:15.406 : -487 --> BSRGAN --> x4--> 000486.jpg
22-11-16 16:28:16.179 : -488 --> BSRGAN --> x4--> 000487.jpg
22-11-16 16:28:16.953 : -489 --> BSRGAN --> x4--> 000488.jpg
22-11-16 16:28:17.730 : -490 --> BSRGAN --> x4--> 000489.jpg
22-11-16 16:28:18.505 : -491 --> BSRGAN --> x4--> 000490.jpg
22-11-16 16:28:19.281 : -492 --> BSRGAN --> x4--> 000491.jpg
22-11-16 16:28:20.056 : -493 --> BSRGAN --> x4--> 000492.jpg
22-11-16 16:28:20.830 : -494 --> BSRGAN --> x4--> 000493.jpg
22-11-16 16:28:21.604 : -495 --> BSRGAN --> x4--> 000494.jpg
22-11-16 16:28:22.377 : -496 --> BSRGAN --> x4--> 000495.jpg
22-11-16 16:28:23.151 : -497 --> BSRGAN --> x4--> 000496.jpg
22-11-16 16:28:23.925 : -498 --> BSRGAN --> x4--> 000497.jpg
22-11-16 16:28:24.700 : -499 --> BSRGAN --> x4--> 000498.jpg
22-11-16 16:28:25.474 : -500 --> BSRGAN --> x4--> 000499.jpg
22-11-16 16:28:26.249 : -501 --> BSRGAN --> x4--> 000500.jpg
22-11-16 16:28:27.024 : -502 --> BSRGAN --> x4--> 000501.jpg
22-11-16 16:28:27.798 : -503 --> BSRGAN --> x4--> 000502.jpg
22-11-16 16:28:28.575 : -504 --> BSRGAN --> x4--> 000503.jpg
22-11-16 16:28:29.347 : -505 --> BSRGAN --> x4--> 000504.jpg
22-11-16 16:28:30.122 : -506 --> BSRGAN --> x4--> 000505.jpg
22-11-16 16:28:30.897 : -507 --> BSRGAN --> x4--> 000506.jpg
22-11-16 16:28:31.674 : -508 --> BSRGAN --> x4--> 000507.jpg
22-11-16 16:28:32.449 : -509 --> BSRGAN --> x4--> 000508.jpg
22-11-16 16:28:33.224 : -510 --> BSRGAN --> x4--> 000509.jpg
22-11-16 16:28:34.001 : -511 --> BSRGAN --> x4--> 000510.jpg
22-11-16 16:28:34.777 : -512 --> BSRGAN --> x4--> 000511.jpg
22-11-16 16:28:35.557 : -513 --> BSRGAN --> x4--> 000512.jpg
22-11-16 16:28:36.334 : -514 --> BSRGAN --> x4--> 000513.jpg
22-11-16 16:28:37.106 : -515 --> BSRGAN --> x4--> 000514.jpg
22-11-16 16:28:37.881 : -516 --> BSRGAN --> x4--> 000515.jpg
22-11-16 16:28:38.658 : -517 --> BSRGAN --> x4--> 000516.jpg
22-11-16 16:28:39.431 : -518 --> BSRGAN --> x4--> 000517.jpg
22-11-16 16:28:40.209 : -519 --> BSRGAN --> x4--> 000518.jpg
22-11-16 16:28:40.987 : -520 --> BSRGAN --> x4--> 000519.jpg
22-11-16 16:28:41.764 : -521 --> BSRGAN --> x4--> 000520.jpg
22-11-16 16:28:42.541 : -522 --> BSRGAN --> x4--> 000521.jpg
22-11-16 16:28:43.316 : -523 --> BSRGAN --> x4--> 000522.jpg
22-11-16 16:28:44.094 : -524 --> BSRGAN --> x4--> 000523.jpg
22-11-16 16:28:44.867 : -525 --> BSRGAN --> x4--> 000524.jpg
22-11-16 16:28:45.644 : -526 --> BSRGAN --> x4--> 000525.jpg
22-11-16 16:28:46.419 : -527 --> BSRGAN --> x4--> 000526.jpg
22-11-16 16:28:47.194 : -528 --> BSRGAN --> x4--> 000527.jpg
22-11-16 16:28:47.969 : -529 --> BSRGAN --> x4--> 000528.jpg
22-11-16 16:28:48.744 : -530 --> BSRGAN --> x4--> 000529.jpg
22-11-16 16:28:49.517 : -531 --> BSRGAN --> x4--> 000530.jpg
22-11-16 16:28:50.292 : -532 --> BSRGAN --> x4--> 000531.jpg
22-11-16 16:28:51.069 : -533 --> BSRGAN --> x4--> 000532.jpg
22-11-16 16:28:51.849 : -534 --> BSRGAN --> x4--> 000533.jpg
22-11-16 16:28:52.624 : -535 --> BSRGAN --> x4--> 000534.jpg
22-11-16 16:28:53.401 : -536 --> BSRGAN --> x4--> 000535.jpg
22-11-16 16:28:54.177 : -537 --> BSRGAN --> x4--> 000536.jpg
22-11-16 16:28:54.951 : -538 --> BSRGAN --> x4--> 000537.jpg
22-11-16 16:28:55.725 : -539 --> BSRGAN --> x4--> 000538.jpg
22-11-16 16:28:56.505 : -540 --> BSRGAN --> x4--> 000539.jpg
22-11-16 16:28:57.284 : -541 --> BSRGAN --> x4--> 000540.jpg
22-11-16 16:28:58.061 : -542 --> BSRGAN --> x4--> 000541.jpg
22-11-16 16:28:58.836 : -543 --> BSRGAN --> x4--> 000542.jpg
22-11-16 16:28:59.610 : -544 --> BSRGAN --> x4--> 000543.jpg
22-11-16 16:29:00.388 : -545 --> BSRGAN --> x4--> 000544.jpg
22-11-16 16:29:01.168 : -546 --> BSRGAN --> x4--> 000545.jpg
22-11-16 16:29:01.949 : -547 --> BSRGAN --> x4--> 000546.jpg
22-11-16 16:29:02.731 : -548 --> BSRGAN --> x4--> 000547.jpg
22-11-16 16:29:03.508 : -549 --> BSRGAN --> x4--> 000548.jpg
22-11-16 16:29:04.283 : -550 --> BSRGAN --> x4--> 000549.jpg
22-11-16 16:29:05.061 : -551 --> BSRGAN --> x4--> 000550.jpg
22-11-16 16:29:05.838 : -552 --> BSRGAN --> x4--> 000551.jpg
22-11-16 16:29:06.615 : -553 --> BSRGAN --> x4--> 000552.jpg
22-11-16 16:29:07.400 : -554 --> BSRGAN --> x4--> 000553.jpg
22-11-16 16:29:08.180 : -555 --> BSRGAN --> x4--> 000554.jpg
22-11-16 16:29:08.956 : -556 --> BSRGAN --> x4--> 000555.jpg
22-11-16 16:29:09.730 : -557 --> BSRGAN --> x4--> 000556.jpg
22-11-16 16:29:10.507 : -558 --> BSRGAN --> x4--> 000557.jpg
22-11-16 16:29:11.284 : -559 --> BSRGAN --> x4--> 000558.jpg
22-11-16 16:29:12.061 : -560 --> BSRGAN --> x4--> 000559.jpg
22-11-16 16:29:12.846 : -561 --> BSRGAN --> x4--> 000560.jpg
22-11-16 16:29:13.623 : -562 --> BSRGAN --> x4--> 000561.jpg
22-11-16 16:29:14.401 : -563 --> BSRGAN --> x4--> 000562.jpg
22-11-16 16:29:15.178 : -564 --> BSRGAN --> x4--> 000563.jpg
22-11-16 16:29:15.956 : -565 --> BSRGAN --> x4--> 000564.jpg
22-11-16 16:29:16.729 : -566 --> BSRGAN --> x4--> 000565.jpg
22-11-16 16:29:17.505 : -567 --> BSRGAN --> x4--> 000566.jpg
22-11-16 16:29:18.290 : -568 --> BSRGAN --> x4--> 000567.jpg
22-11-16 16:29:19.069 : -569 --> BSRGAN --> x4--> 000568.jpg
22-11-16 16:29:19.844 : -570 --> BSRGAN --> x4--> 000569.jpg
22-11-16 16:29:20.620 : -571 --> BSRGAN --> x4--> 000570.jpg
22-11-16 16:29:21.395 : -572 --> BSRGAN --> x4--> 000571.jpg
22-11-16 16:29:22.174 : -573 --> BSRGAN --> x4--> 000572.jpg
22-11-16 16:29:22.949 : -574 --> BSRGAN --> x4--> 000573.jpg
22-11-16 16:29:23.737 : -575 --> BSRGAN --> x4--> 000574.jpg
22-11-16 16:29:24.514 : -576 --> BSRGAN --> x4--> 000575.jpg
22-11-16 16:29:25.291 : -577 --> BSRGAN --> x4--> 000576.jpg
22-11-16 16:29:26.069 : -578 --> BSRGAN --> x4--> 000577.jpg
22-11-16 16:29:26.845 : -579 --> BSRGAN --> x4--> 000578.jpg
22-11-16 16:29:27.620 : -580 --> BSRGAN --> x4--> 000579.jpg
22-11-16 16:29:28.397 : -581 --> BSRGAN --> x4--> 000580.jpg
22-11-16 16:29:29.186 : -582 --> BSRGAN --> x4--> 000581.jpg
22-11-16 16:29:29.964 : -583 --> BSRGAN --> x4--> 000582.jpg
22-11-16 16:29:30.737 : -584 --> BSRGAN --> x4--> 000583.jpg
22-11-16 16:29:31.514 : -585 --> BSRGAN --> x4--> 000584.jpg
22-11-16 16:29:32.294 : -586 --> BSRGAN --> x4--> 000585.jpg
22-11-16 16:29:33.074 : -587 --> BSRGAN --> x4--> 000586.jpg
22-11-16 16:29:33.852 : -588 --> BSRGAN --> x4--> 000587.jpg
22-11-16 16:29:34.637 : -589 --> BSRGAN --> x4--> 000588.jpg
22-11-16 16:29:35.416 : -590 --> BSRGAN --> x4--> 000589.jpg
22-11-16 16:29:36.195 : -591 --> BSRGAN --> x4--> 000590.jpg
22-11-16 16:29:36.968 : -592 --> BSRGAN --> x4--> 000591.jpg
22-11-16 16:29:37.746 : -593 --> BSRGAN --> x4--> 000592.jpg
22-11-16 16:29:38.524 : -594 --> BSRGAN --> x4--> 000593.jpg
22-11-16 16:29:39.303 : -595 --> BSRGAN --> x4--> 000594.jpg
22-11-16 16:29:40.089 : -596 --> BSRGAN --> x4--> 000595.jpg
22-11-16 16:29:40.868 : -597 --> BSRGAN --> x4--> 000596.jpg
22-11-16 16:29:41.646 : -598 --> BSRGAN --> x4--> 000597.jpg
22-11-16 16:29:42.423 : -599 --> BSRGAN --> x4--> 000598.jpg
22-11-16 16:29:43.199 : -600 --> BSRGAN --> x4--> 000599.jpg
22-11-16 16:29:43.977 : -601 --> BSRGAN --> x4--> 000600.jpg
22-11-16 16:29:44.755 : -602 --> BSRGAN --> x4--> 000601.jpg
22-11-16 16:29:45.542 : -603 --> BSRGAN --> x4--> 000602.jpg
22-11-16 16:29:46.317 : -604 --> BSRGAN --> x4--> 000603.jpg
22-11-16 16:29:47.096 : -605 --> BSRGAN --> x4--> 000604.jpg
22-11-16 16:29:47.875 : -606 --> BSRGAN --> x4--> 000605.jpg
22-11-16 16:29:48.652 : -607 --> BSRGAN --> x4--> 000606.jpg
22-11-16 16:29:49.429 : -608 --> BSRGAN --> x4--> 000607.jpg
22-11-16 16:29:50.206 : -609 --> BSRGAN --> x4--> 000608.jpg
22-11-16 16:29:50.990 : -610 --> BSRGAN --> x4--> 000609.jpg
22-11-16 16:29:51.768 : -611 --> BSRGAN --> x4--> 000610.jpg
22-11-16 16:29:52.543 : -612 --> BSRGAN --> x4--> 000611.jpg
22-11-16 16:29:53.319 : -613 --> BSRGAN --> x4--> 000612.jpg
22-11-16 16:29:54.099 : -614 --> BSRGAN --> x4--> 000613.jpg
22-11-16 16:29:54.876 : -615 --> BSRGAN --> x4--> 000614.jpg
22-11-16 16:29:55.652 : -616 --> BSRGAN --> x4--> 000615.jpg
22-11-16 16:29:56.438 : -617 --> BSRGAN --> x4--> 000616.jpg
22-11-16 16:29:57.216 : -618 --> BSRGAN --> x4--> 000617.jpg
22-11-16 16:29:57.990 : -619 --> BSRGAN --> x4--> 000618.jpg
22-11-16 16:29:58.768 : -620 --> BSRGAN --> x4--> 000619.jpg
22-11-16 16:29:59.546 : -621 --> BSRGAN --> x4--> 000620.jpg
22-11-16 16:30:00.326 : -622 --> BSRGAN --> x4--> 000621.jpg
22-11-16 16:30:01.104 : -623 --> BSRGAN --> x4--> 000622.jpg
22-11-16 16:30:01.888 : -624 --> BSRGAN --> x4--> 000623.jpg
22-11-16 16:30:02.668 : -625 --> BSRGAN --> x4--> 000624.jpg
22-11-16 16:30:03.444 : -626 --> BSRGAN --> x4--> 000625.jpg
22-11-16 16:30:04.219 : -627 --> BSRGAN --> x4--> 000626.jpg
22-11-16 16:30:04.996 : -628 --> BSRGAN --> x4--> 000627.jpg
22-11-16 16:30:05.774 : -629 --> BSRGAN --> x4--> 000628.jpg
22-11-16 16:30:06.552 : -630 --> BSRGAN --> x4--> 000629.jpg
22-11-16 16:30:07.335 : -631 --> BSRGAN --> x4--> 000630.jpg
22-11-16 16:30:08.114 : -632 --> BSRGAN --> x4--> 000631.jpg
22-11-16 16:30:08.892 : -633 --> BSRGAN --> x4--> 000632.jpg
22-11-16 16:30:09.671 : -634 --> BSRGAN --> x4--> 000633.jpg
22-11-16 16:30:10.447 : -635 --> BSRGAN --> x4--> 000634.jpg
22-11-16 16:30:11.227 : -636 --> BSRGAN --> x4--> 000635.jpg
22-11-16 16:30:12.004 : -637 --> BSRGAN --> x4--> 000636.jpg
22-11-16 16:30:12.783 : -638 --> BSRGAN --> x4--> 000637.jpg
22-11-16 16:30:13.559 : -639 --> BSRGAN --> x4--> 000638.jpg
22-11-16 16:30:14.333 : -640 --> BSRGAN --> x4--> 000639.jpg
22-11-16 16:30:15.111 : -641 --> BSRGAN --> x4--> 000640.jpg
22-11-16 16:30:15.889 : -642 --> BSRGAN --> x4--> 000641.jpg
22-11-16 16:30:16.666 : -643 --> BSRGAN --> x4--> 000642.jpg
22-11-16 16:30:17.443 : -644 --> BSRGAN --> x4--> 000643.jpg
22-11-16 16:30:18.223 : -645 --> BSRGAN --> x4--> 000644.jpg
22-11-16 16:30:19.001 : -646 --> BSRGAN --> x4--> 000645.jpg
22-11-16 16:30:19.776 : -647 --> BSRGAN --> x4--> 000646.jpg
22-11-16 16:30:20.554 : -648 --> BSRGAN --> x4--> 000647.jpg
22-11-16 16:30:21.331 : -649 --> BSRGAN --> x4--> 000648.jpg
22-11-16 16:30:22.107 : -650 --> BSRGAN --> x4--> 000649.jpg
22-11-16 16:30:22.885 : -651 --> BSRGAN --> x4--> 000650.jpg
22-11-16 16:30:23.664 : -652 --> BSRGAN --> x4--> 000651.jpg
22-11-16 16:30:24.442 : -653 --> BSRGAN --> x4--> 000652.jpg
22-11-16 16:30:25.218 : -654 --> BSRGAN --> x4--> 000653.jpg
22-11-16 16:30:25.994 : -655 --> BSRGAN --> x4--> 000654.jpg
22-11-16 16:30:26.769 : -656 --> BSRGAN --> x4--> 000655.jpg
22-11-16 16:30:27.546 : -657 --> BSRGAN --> x4--> 000656.jpg
22-11-16 16:30:28.321 : -658 --> BSRGAN --> x4--> 000657.jpg
22-11-16 16:30:29.100 : -659 --> BSRGAN --> x4--> 000658.jpg
22-11-16 16:30:29.874 : -660 --> BSRGAN --> x4--> 000659.jpg
22-11-16 16:30:30.645 : -661 --> BSRGAN --> x4--> 000660.jpg
22-11-16 16:30:31.417 : -662 --> BSRGAN --> x4--> 000661.jpg
22-11-16 16:30:32.187 : -663 --> BSRGAN --> x4--> 000662.jpg
22-11-16 16:30:32.959 : -664 --> BSRGAN --> x4--> 000663.jpg
22-11-16 16:30:33.729 : -665 --> BSRGAN --> x4--> 000664.jpg
22-11-16 16:30:34.501 : -666 --> BSRGAN --> x4--> 000665.jpg
22-11-16 16:30:35.273 : -667 --> BSRGAN --> x4--> 000666.jpg
22-11-16 16:30:36.044 : -668 --> BSRGAN --> x4--> 000667.jpg
22-11-16 16:30:36.816 : -669 --> BSRGAN --> x4--> 000668.jpg
22-11-16 16:30:37.590 : -670 --> BSRGAN --> x4--> 000669.jpg
22-11-16 16:30:38.366 : -671 --> BSRGAN --> x4--> 000670.jpg
22-11-16 16:30:39.137 : -672 --> BSRGAN --> x4--> 000671.jpg
22-11-16 16:30:39.913 : -673 --> BSRGAN --> x4--> 000672.jpg
22-11-16 16:30:40.685 : -674 --> BSRGAN --> x4--> 000673.jpg
22-11-16 16:30:41.461 : -675 --> BSRGAN --> x4--> 000674.jpg
22-11-16 16:30:42.238 : -676 --> BSRGAN --> x4--> 000675.jpg
22-11-16 16:30:43.014 : -677 --> BSRGAN --> x4--> 000676.jpg
22-11-16 16:30:43.786 : -678 --> BSRGAN --> x4--> 000677.jpg
22-11-16 16:30:44.557 : -679 --> BSRGAN --> x4--> 000678.jpg
22-11-16 16:30:45.334 : -680 --> BSRGAN --> x4--> 000679.jpg
22-11-16 16:30:46.109 : -681 --> BSRGAN --> x4--> 000680.jpg
22-11-16 16:30:46.885 : -682 --> BSRGAN --> x4--> 000681.jpg
22-11-16 16:30:47.661 : -683 --> BSRGAN --> x4--> 000682.jpg
22-11-16 16:30:48.436 : -684 --> BSRGAN --> x4--> 000683.jpg
22-11-16 16:30:49.212 : -685 --> BSRGAN --> x4--> 000684.jpg
22-11-16 16:30:49.989 : -686 --> BSRGAN --> x4--> 000685.jpg
22-11-16 16:30:50.766 : -687 --> BSRGAN --> x4--> 000686.jpg
22-11-16 16:30:51.544 : -688 --> BSRGAN --> x4--> 000687.jpg
22-11-16 16:30:52.321 : -689 --> BSRGAN --> x4--> 000688.jpg
22-11-16 16:30:53.101 : -690 --> BSRGAN --> x4--> 000689.jpg
22-11-16 16:30:53.878 : -691 --> BSRGAN --> x4--> 000690.jpg
22-11-16 16:30:54.657 : -692 --> BSRGAN --> x4--> 000691.jpg
22-11-16 16:30:55.432 : -693 --> BSRGAN --> x4--> 000692.jpg
22-11-16 16:30:56.207 : -694 --> BSRGAN --> x4--> 000693.jpg
22-11-16 16:30:56.983 : -695 --> BSRGAN --> x4--> 000694.jpg
22-11-16 16:30:57.760 : -696 --> BSRGAN --> x4--> 000695.jpg
22-11-16 16:30:58.557 : -697 --> BSRGAN --> x4--> 000696.jpg
22-11-16 16:30:59.334 : -698 --> BSRGAN --> x4--> 000697.jpg
22-11-16 16:31:00.111 : -699 --> BSRGAN --> x4--> 000698.jpg
22-11-16 16:31:00.886 : -700 --> BSRGAN --> x4--> 000699.jpg
22-11-16 16:31:01.664 : -701 --> BSRGAN --> x4--> 000700.jpg
22-11-16 16:31:02.441 : -702 --> BSRGAN --> x4--> 000701.jpg
22-11-16 16:31:03.216 : -703 --> BSRGAN --> x4--> 000702.jpg
22-11-16 16:31:03.992 : -704 --> BSRGAN --> x4--> 000703.jpg
22-11-16 16:31:04.767 : -705 --> BSRGAN --> x4--> 000704.jpg
22-11-16 16:31:05.546 : -706 --> BSRGAN --> x4--> 000705.jpg
22-11-16 16:31:06.321 : -707 --> BSRGAN --> x4--> 000706.jpg
22-11-16 16:31:07.097 : -708 --> BSRGAN --> x4--> 000707.jpg
22-11-16 16:31:07.875 : -709 --> BSRGAN --> x4--> 000708.jpg
22-11-16 16:31:08.653 : -710 --> BSRGAN --> x4--> 000709.jpg
22-11-16 16:31:09.429 : -711 --> BSRGAN --> x4--> 000710.jpg
22-11-16 16:31:10.206 : -712 --> BSRGAN --> x4--> 000711.jpg
22-11-16 16:31:10.984 : -713 --> BSRGAN --> x4--> 000712.jpg
22-11-16 16:31:11.763 : -714 --> BSRGAN --> x4--> 000713.jpg
22-11-16 16:31:12.541 : -715 --> BSRGAN --> x4--> 000714.jpg
22-11-16 16:31:13.319 : -716 --> BSRGAN --> x4--> 000715.jpg
22-11-16 16:31:14.098 : -717 --> BSRGAN --> x4--> 000716.jpg
22-11-16 16:31:14.877 : -718 --> BSRGAN --> x4--> 000717.jpg
22-11-16 16:31:15.654 : -719 --> BSRGAN --> x4--> 000718.jpg
22-11-16 16:31:16.433 : -720 --> BSRGAN --> x4--> 000719.jpg
22-11-16 16:31:17.211 : -721 --> BSRGAN --> x4--> 000720.jpg
22-11-16 16:31:17.991 : -722 --> BSRGAN --> x4--> 000721.jpg
22-11-16 16:31:18.764 : -723 --> BSRGAN --> x4--> 000722.jpg
22-11-16 16:31:19.543 : -724 --> BSRGAN --> x4--> 000723.jpg
22-11-16 16:31:20.318 : -725 --> BSRGAN --> x4--> 000724.jpg
22-11-16 16:31:21.097 : -726 --> BSRGAN --> x4--> 000725.jpg
22-11-16 16:31:21.875 : -727 --> BSRGAN --> x4--> 000726.jpg
22-11-16 16:31:22.654 : -728 --> BSRGAN --> x4--> 000727.jpg
22-11-16 16:31:23.433 : -729 --> BSRGAN --> x4--> 000728.jpg
22-11-16 16:31:24.211 : -730 --> BSRGAN --> x4--> 000729.jpg
22-11-16 16:31:24.990 : -731 --> BSRGAN --> x4--> 000730.jpg
22-11-16 16:31:25.768 : -732 --> BSRGAN --> x4--> 000731.jpg
22-11-16 16:31:26.547 : -733 --> BSRGAN --> x4--> 000732.jpg
22-11-16 16:31:27.329 : -734 --> BSRGAN --> x4--> 000733.jpg
22-11-16 16:31:28.107 : -735 --> BSRGAN --> x4--> 000734.jpg
22-11-16 16:31:28.886 : -736 --> BSRGAN --> x4--> 000735.jpg
22-11-16 16:31:29.664 : -737 --> BSRGAN --> x4--> 000736.jpg
22-11-16 16:31:30.441 : -738 --> BSRGAN --> x4--> 000737.jpg
22-11-16 16:31:31.217 : -739 --> BSRGAN --> x4--> 000738.jpg
22-11-16 16:31:31.995 : -740 --> BSRGAN --> x4--> 000739.jpg
22-11-16 16:31:32.771 : -741 --> BSRGAN --> x4--> 000740.jpg
22-11-16 16:31:33.549 : -742 --> BSRGAN --> x4--> 000741.jpg
22-11-16 16:31:34.329 : -743 --> BSRGAN --> x4--> 000742.jpg
22-11-16 16:31:35.106 : -744 --> BSRGAN --> x4--> 000743.jpg
22-11-16 16:31:35.882 : -745 --> BSRGAN --> x4--> 000744.jpg
22-11-16 16:31:36.656 : -746 --> BSRGAN --> x4--> 000745.jpg
22-11-16 16:31:37.433 : -747 --> BSRGAN --> x4--> 000746.jpg
22-11-16 16:31:38.210 : -748 --> BSRGAN --> x4--> 000747.jpg
22-11-16 16:31:38.987 : -749 --> BSRGAN --> x4--> 000748.jpg
22-11-16 16:31:39.767 : -750 --> BSRGAN --> x4--> 000749.jpg
22-11-16 16:31:40.544 : -751 --> BSRGAN --> x4--> 000750.jpg
22-11-16 16:31:41.321 : -752 --> BSRGAN --> x4--> 000751.jpg
22-11-16 16:31:42.101 : -753 --> BSRGAN --> x4--> 000752.jpg
22-11-16 16:31:42.875 : -754 --> BSRGAN --> x4--> 000753.jpg
22-11-16 16:31:43.655 : -755 --> BSRGAN --> x4--> 000754.jpg
22-11-16 16:31:44.435 : -756 --> BSRGAN --> x4--> 000755.jpg
22-11-16 16:31:45.215 : -757 --> BSRGAN --> x4--> 000756.jpg
22-11-16 16:31:45.990 : -758 --> BSRGAN --> x4--> 000757.jpg
22-11-16 16:31:46.770 : -759 --> BSRGAN --> x4--> 000758.jpg
22-11-16 16:31:47.549 : -760 --> BSRGAN --> x4--> 000759.jpg
22-11-16 16:31:48.330 : -761 --> BSRGAN --> x4--> 000760.jpg
22-11-16 16:31:49.109 : -762 --> BSRGAN --> x4--> 000761.jpg
22-11-16 16:31:49.893 : -763 --> BSRGAN --> x4--> 000762.jpg
22-11-16 16:31:50.676 : -764 --> BSRGAN --> x4--> 000763.jpg
22-11-16 16:31:51.454 : -765 --> BSRGAN --> x4--> 000764.jpg
22-11-16 16:31:52.234 : -766 --> BSRGAN --> x4--> 000765.jpg
22-11-16 16:31:53.013 : -767 --> BSRGAN --> x4--> 000766.jpg
22-11-16 16:31:53.791 : -768 --> BSRGAN --> x4--> 000767.jpg
22-11-16 16:31:54.565 : -769 --> BSRGAN --> x4--> 000768.jpg
22-11-16 16:31:55.347 : -770 --> BSRGAN --> x4--> 000769.jpg
22-11-16 16:31:56.127 : -771 --> BSRGAN --> x4--> 000770.jpg
22-11-16 16:31:56.906 : -772 --> BSRGAN --> x4--> 000771.jpg
22-11-16 16:31:57.684 : -773 --> BSRGAN --> x4--> 000772.jpg
22-11-16 16:31:58.463 : -774 --> BSRGAN --> x4--> 000773.jpg
22-11-16 16:31:59.241 : -775 --> BSRGAN --> x4--> 000774.jpg
22-11-16 16:32:00.018 : -776 --> BSRGAN --> x4--> 000775.jpg
22-11-16 16:32:00.799 : -777 --> BSRGAN --> x4--> 000776.jpg
22-11-16 16:32:01.578 : -778 --> BSRGAN --> x4--> 000777.jpg
22-11-16 16:32:02.357 : -779 --> BSRGAN --> x4--> 000778.jpg
22-11-16 16:32:03.132 : -780 --> BSRGAN --> x4--> 000779.jpg
22-11-16 16:32:03.908 : -781 --> BSRGAN --> x4--> 000780.jpg
22-11-16 16:32:04.687 : -782 --> BSRGAN --> x4--> 000781.jpg
22-11-16 16:32:05.464 : -783 --> BSRGAN --> x4--> 000782.jpg
22-11-16 16:32:06.252 : -784 --> BSRGAN --> x4--> 000783.jpg
22-11-16 16:32:07.033 : -785 --> BSRGAN --> x4--> 000784.jpg
22-11-16 16:32:07.810 : -786 --> BSRGAN --> x4--> 000785.jpg
22-11-16 16:32:08.587 : -787 --> BSRGAN --> x4--> 000786.jpg
22-11-16 16:32:09.363 : -788 --> BSRGAN --> x4--> 000787.jpg
22-11-16 16:32:10.140 : -789 --> BSRGAN --> x4--> 000788.jpg
22-11-16 16:32:10.920 : -790 --> BSRGAN --> x4--> 000789.jpg
22-11-16 16:32:11.704 : -791 --> BSRGAN --> x4--> 000790.jpg
22-11-16 16:32:12.481 : -792 --> BSRGAN --> x4--> 000791.jpg
22-11-16 16:32:13.259 : -793 --> BSRGAN --> x4--> 000792.jpg
22-11-16 16:32:14.036 : -794 --> BSRGAN --> x4--> 000793.jpg
22-11-16 16:32:14.814 : -795 --> BSRGAN --> x4--> 000794.jpg
22-11-16 16:32:15.592 : -796 --> BSRGAN --> x4--> 000795.jpg
22-11-16 16:32:16.373 : -797 --> BSRGAN --> x4--> 000796.jpg
22-11-16 16:32:17.156 : -798 --> BSRGAN --> x4--> 000797.jpg
22-11-16 16:32:17.936 : -799 --> BSRGAN --> x4--> 000798.jpg
22-11-16 16:32:18.717 : -800 --> BSRGAN --> x4--> 000799.jpg
22-11-16 16:32:19.496 : -801 --> BSRGAN --> x4--> 000800.jpg
22-11-16 16:32:20.275 : -802 --> BSRGAN --> x4--> 000801.jpg
22-11-16 16:32:21.054 : -803 --> BSRGAN --> x4--> 000802.jpg
22-11-16 16:32:21.834 : -804 --> BSRGAN --> x4--> 000803.jpg
22-11-16 16:32:22.620 : -805 --> BSRGAN --> x4--> 000804.jpg
22-11-16 16:32:23.396 : -806 --> BSRGAN --> x4--> 000805.jpg
22-11-16 16:32:24.173 : -807 --> BSRGAN --> x4--> 000806.jpg
22-11-16 16:32:24.951 : -808 --> BSRGAN --> x4--> 000807.jpg
22-11-16 16:32:25.731 : -809 --> BSRGAN --> x4--> 000808.jpg
22-11-16 16:32:26.510 : -810 --> BSRGAN --> x4--> 000809.jpg
22-11-16 16:32:27.290 : -811 --> BSRGAN --> x4--> 000810.jpg
22-11-16 16:32:28.074 : -812 --> BSRGAN --> x4--> 000811.jpg
22-11-16 16:32:28.855 : -813 --> BSRGAN --> x4--> 000812.jpg
22-11-16 16:32:29.636 : -814 --> BSRGAN --> x4--> 000813.jpg
22-11-16 16:32:30.413 : -815 --> BSRGAN --> x4--> 000814.jpg
22-11-16 16:32:31.188 : -816 --> BSRGAN --> x4--> 000815.jpg
22-11-16 16:32:31.965 : -817 --> BSRGAN --> x4--> 000816.jpg
22-11-16 16:32:32.741 : -818 --> BSRGAN --> x4--> 000817.jpg
22-11-16 16:32:33.526 : -819 --> BSRGAN --> x4--> 000818.jpg
22-11-16 16:32:34.304 : -820 --> BSRGAN --> x4--> 000819.jpg
22-11-16 16:32:35.084 : -821 --> BSRGAN --> x4--> 000820.jpg
22-11-16 16:32:35.861 : -822 --> BSRGAN --> x4--> 000821.jpg
22-11-16 16:32:36.640 : -823 --> BSRGAN --> x4--> 000822.jpg
22-11-16 16:32:37.418 : -824 --> BSRGAN --> x4--> 000823.jpg
22-11-16 16:32:38.197 : -825 --> BSRGAN --> x4--> 000824.jpg
22-11-16 16:32:38.986 : -826 --> BSRGAN --> x4--> 000825.jpg
22-11-16 16:32:39.764 : -827 --> BSRGAN --> x4--> 000826.jpg
22-11-16 16:32:40.539 : -828 --> BSRGAN --> x4--> 000827.jpg
22-11-16 16:32:41.319 : -829 --> BSRGAN --> x4--> 000828.jpg
22-11-16 16:32:42.095 : -830 --> BSRGAN --> x4--> 000829.jpg
22-11-16 16:32:42.874 : -831 --> BSRGAN --> x4--> 000830.jpg
22-11-16 16:32:43.651 : -832 --> BSRGAN --> x4--> 000831.jpg
22-11-16 16:32:44.439 : -833 --> BSRGAN --> x4--> 000832.jpg
22-11-16 16:32:45.459 : -834 --> BSRGAN --> x4--> 000833.jpg
22-11-16 16:32:46.239 : -835 --> BSRGAN --> x4--> 000834.jpg
22-11-16 16:32:47.019 : -836 --> BSRGAN --> x4--> 000835.jpg
22-11-16 16:32:47.797 : -837 --> BSRGAN --> x4--> 000836.jpg
22-11-16 16:32:48.578 : -838 --> BSRGAN --> x4--> 000837.jpg
22-11-16 16:32:49.357 : -839 --> BSRGAN --> x4--> 000838.jpg
22-11-16 16:32:50.139 : -840 --> BSRGAN --> x4--> 000839.jpg
22-11-16 16:32:50.919 : -841 --> BSRGAN --> x4--> 000840.jpg
22-11-16 16:32:51.694 : -842 --> BSRGAN --> x4--> 000841.jpg
22-11-16 16:32:52.470 : -843 --> BSRGAN --> x4--> 000842.jpg
22-11-16 16:32:53.252 : -844 --> BSRGAN --> x4--> 000843.jpg
22-11-16 16:32:54.033 : -845 --> BSRGAN --> x4--> 000844.jpg
22-11-16 16:32:54.810 : -846 --> BSRGAN --> x4--> 000845.jpg
22-11-16 16:32:55.601 : -847 --> BSRGAN --> x4--> 000846.jpg
22-11-16 16:32:56.377 : -848 --> BSRGAN --> x4--> 000847.jpg
22-11-16 16:32:57.158 : -849 --> BSRGAN --> x4--> 000848.jpg
22-11-16 16:32:57.939 : -850 --> BSRGAN --> x4--> 000849.jpg
22-11-16 16:32:58.717 : -851 --> BSRGAN --> x4--> 000850.jpg
22-11-16 16:32:59.499 : -852 --> BSRGAN --> x4--> 000851.jpg
22-11-16 16:33:00.287 : -853 --> BSRGAN --> x4--> 000852.jpg
22-11-16 16:33:01.067 : -854 --> BSRGAN --> x4--> 000853.jpg
22-11-16 16:33:01.847 : -855 --> BSRGAN --> x4--> 000854.jpg
22-11-16 16:33:02.624 : -856 --> BSRGAN --> x4--> 000855.jpg
22-11-16 16:33:03.400 : -857 --> BSRGAN --> x4--> 000856.jpg
22-11-16 16:33:04.179 : -858 --> BSRGAN --> x4--> 000857.jpg
22-11-16 16:33:04.957 : -859 --> BSRGAN --> x4--> 000858.jpg
22-11-16 16:33:05.738 : -860 --> BSRGAN --> x4--> 000859.jpg
22-11-16 16:33:06.517 : -861 --> BSRGAN --> x4--> 000860.jpg
22-11-16 16:33:07.295 : -862 --> BSRGAN --> x4--> 000861.jpg
22-11-16 16:33:08.075 : -863 --> BSRGAN --> x4--> 000862.jpg
22-11-16 16:33:08.856 : -864 --> BSRGAN --> x4--> 000863.jpg
22-11-16 16:33:09.632 : -865 --> BSRGAN --> x4--> 000864.jpg
22-11-16 16:33:10.411 : -866 --> BSRGAN --> x4--> 000865.jpg
22-11-16 16:33:11.198 : -867 --> BSRGAN --> x4--> 000866.jpg
22-11-16 16:33:11.978 : -868 --> BSRGAN --> x4--> 000867.jpg
22-11-16 16:33:12.754 : -869 --> BSRGAN --> x4--> 000868.jpg
22-11-16 16:33:13.532 : -870 --> BSRGAN --> x4--> 000869.jpg
22-11-16 16:33:14.310 : -871 --> BSRGAN --> x4--> 000870.jpg
22-11-16 16:33:15.090 : -872 --> BSRGAN --> x4--> 000871.jpg
22-11-16 16:33:15.867 : -873 --> BSRGAN --> x4--> 000872.jpg
22-11-16 16:33:16.659 : -874 --> BSRGAN --> x4--> 000873.jpg
22-11-16 16:33:17.438 : -875 --> BSRGAN --> x4--> 000874.jpg
22-11-16 16:33:18.216 : -876 --> BSRGAN --> x4--> 000875.jpg
22-11-16 16:33:18.997 : -877 --> BSRGAN --> x4--> 000876.jpg
22-11-16 16:33:19.797 : -878 --> BSRGAN --> x4--> 000877.jpg
22-11-16 16:33:20.593 : -879 --> BSRGAN --> x4--> 000878.jpg
22-11-16 16:33:21.388 : -880 --> BSRGAN --> x4--> 000879.jpg
22-11-16 16:33:22.192 : -881 --> BSRGAN --> x4--> 000880.jpg
22-11-16 16:33:22.977 : -882 --> BSRGAN --> x4--> 000881.jpg
22-11-16 16:33:23.760 : -883 --> BSRGAN --> x4--> 000882.jpg
22-11-16 16:33:24.539 : -884 --> BSRGAN --> x4--> 000883.jpg
22-11-16 16:33:25.321 : -885 --> BSRGAN --> x4--> 000884.jpg
22-11-16 16:33:26.102 : -886 --> BSRGAN --> x4--> 000885.jpg
22-11-16 16:33:26.887 : -887 --> BSRGAN --> x4--> 000886.jpg
22-11-16 16:33:27.690 : -888 --> BSRGAN --> x4--> 000887.jpg
22-11-16 16:33:28.496 : -889 --> BSRGAN --> x4--> 000888.jpg
22-11-16 16:33:29.295 : -890 --> BSRGAN --> x4--> 000889.jpg
22-11-16 16:33:30.086 : -891 --> BSRGAN --> x4--> 000890.jpg
22-11-16 16:33:30.882 : -892 --> BSRGAN --> x4--> 000891.jpg
22-11-16 16:33:31.676 : -893 --> BSRGAN --> x4--> 000892.jpg
22-11-16 16:33:32.471 : -894 --> BSRGAN --> x4--> 000893.jpg
22-11-16 16:33:33.270 : -895 --> BSRGAN --> x4--> 000894.jpg
22-11-16 16:33:34.067 : -896 --> BSRGAN --> x4--> 000895.jpg
22-11-16 16:33:34.871 : -897 --> BSRGAN --> x4--> 000896.jpg
22-11-16 16:33:35.672 : -898 --> BSRGAN --> x4--> 000897.jpg
22-11-16 16:33:36.467 : -899 --> BSRGAN --> x4--> 000898.jpg
22-11-16 16:33:37.270 : -900 --> BSRGAN --> x4--> 000899.jpg
22-11-16 16:33:38.068 : -901 --> BSRGAN --> x4--> 000900.jpg
22-11-16 16:33:38.871 : -902 --> BSRGAN --> x4--> 000901.jpg
22-11-16 16:33:39.675 : -903 --> BSRGAN --> x4--> 000902.jpg
22-11-16 16:33:40.477 : -904 --> BSRGAN --> x4--> 000903.jpg
22-11-16 16:33:41.272 : -905 --> BSRGAN --> x4--> 000904.jpg
22-11-16 16:33:42.057 : -906 --> BSRGAN --> x4--> 000905.jpg
22-11-16 16:33:42.847 : -907 --> BSRGAN --> x4--> 000906.jpg
22-11-16 16:33:43.653 : -908 --> BSRGAN --> x4--> 000907.jpg
22-11-16 16:33:44.456 : -909 --> BSRGAN --> x4--> 000908.jpg
22-11-16 16:33:45.261 : -910 --> BSRGAN --> x4--> 000909.jpg
22-11-16 16:33:46.063 : -911 --> BSRGAN --> x4--> 000910.jpg
22-11-16 16:33:46.866 : -912 --> BSRGAN --> x4--> 000911.jpg
22-11-16 16:33:47.665 : -913 --> BSRGAN --> x4--> 000912.jpg
22-11-16 16:33:48.468 : -914 --> BSRGAN --> x4--> 000913.jpg
22-11-16 16:33:49.282 : -915 --> BSRGAN --> x4--> 000914.jpg
22-11-16 16:33:50.081 : -916 --> BSRGAN --> x4--> 000915.jpg
22-11-16 16:33:50.881 : -917 --> BSRGAN --> x4--> 000916.jpg
22-11-16 16:33:51.686 : -918 --> BSRGAN --> x4--> 000917.jpg
22-11-16 16:33:52.489 : -919 --> BSRGAN --> x4--> 000918.jpg
22-11-16 16:33:53.301 : -920 --> BSRGAN --> x4--> 000919.jpg
22-11-16 16:33:54.104 : -921 --> BSRGAN --> x4--> 000920.jpg
22-11-16 16:33:54.917 : -922 --> BSRGAN --> x4--> 000921.jpg
22-11-16 16:33:55.714 : -923 --> BSRGAN --> x4--> 000922.jpg
22-11-16 16:33:56.520 : -924 --> BSRGAN --> x4--> 000923.jpg
22-11-16 16:33:57.318 : -925 --> BSRGAN --> x4--> 000924.jpg
22-11-16 16:33:58.141 : -926 --> BSRGAN --> x4--> 000925.jpg
22-11-16 16:33:58.944 : -927 --> BSRGAN --> x4--> 000926.jpg
22-11-16 16:33:59.766 : -928 --> BSRGAN --> x4--> 000927.jpg
22-11-16 16:34:00.611 : -929 --> BSRGAN --> x4--> 000928.jpg
22-11-16 16:34:01.429 : -930 --> BSRGAN --> x4--> 000929.jpg
22-11-16 16:34:02.241 : -931 --> BSRGAN --> x4--> 000930.jpg
22-11-16 16:34:03.055 : -932 --> BSRGAN --> x4--> 000931.jpg
22-11-16 16:34:03.870 : -933 --> BSRGAN --> x4--> 000932.jpg
22-11-16 16:34:04.678 : -934 --> BSRGAN --> x4--> 000933.jpg
22-11-16 16:34:05.478 : -935 --> BSRGAN --> x4--> 000934.jpg
22-11-16 16:34:06.291 : -936 --> BSRGAN --> x4--> 000935.jpg
22-11-16 16:34:07.098 : -937 --> BSRGAN --> x4--> 000936.jpg
22-11-16 16:34:07.893 : -938 --> BSRGAN --> x4--> 000937.jpg
22-11-16 16:34:08.684 : -939 --> BSRGAN --> x4--> 000938.jpg
22-11-16 16:34:09.487 : -940 --> BSRGAN --> x4--> 000939.jpg
22-11-16 16:34:10.285 : -941 --> BSRGAN --> x4--> 000940.jpg
22-11-16 16:34:11.084 : -942 --> BSRGAN --> x4--> 000941.jpg
22-11-16 16:34:11.879 : -943 --> BSRGAN --> x4--> 000942.jpg
22-11-16 16:34:12.670 : -944 --> BSRGAN --> x4--> 000943.jpg
22-11-16 16:34:13.460 : -945 --> BSRGAN --> x4--> 000944.jpg
22-11-16 16:34:14.253 : -946 --> BSRGAN --> x4--> 000945.jpg
22-11-16 16:34:15.042 : -947 --> BSRGAN --> x4--> 000946.jpg
22-11-16 16:34:15.826 : -948 --> BSRGAN --> x4--> 000947.jpg
22-11-16 16:34:16.620 : -949 --> BSRGAN --> x4--> 000948.jpg
22-11-16 16:34:17.412 : -950 --> BSRGAN --> x4--> 000949.jpg
22-11-16 16:34:18.201 : -951 --> BSRGAN --> x4--> 000950.jpg
22-11-16 16:34:18.982 : -952 --> BSRGAN --> x4--> 000951.jpg
22-11-16 16:34:19.765 : -953 --> BSRGAN --> x4--> 000952.jpg
22-11-16 16:34:20.554 : -954 --> BSRGAN --> x4--> 000953.jpg
22-11-16 16:34:21.339 : -955 --> BSRGAN --> x4--> 000954.jpg
22-11-16 16:34:22.150 : -956 --> BSRGAN --> x4--> 000955.jpg
22-11-16 16:34:22.951 : -957 --> BSRGAN --> x4--> 000956.jpg
22-11-16 16:34:23.743 : -958 --> BSRGAN --> x4--> 000957.jpg
22-11-16 16:34:24.534 : -959 --> BSRGAN --> x4--> 000958.jpg
22-11-16 16:34:25.319 : -960 --> BSRGAN --> x4--> 000959.jpg
22-11-16 16:34:26.123 : -961 --> BSRGAN --> x4--> 000960.jpg
22-11-16 16:34:26.931 : -962 --> BSRGAN --> x4--> 000961.jpg
22-11-16 16:34:27.737 : -963 --> BSRGAN --> x4--> 000962.jpg
22-11-16 16:34:28.542 : -964 --> BSRGAN --> x4--> 000963.jpg
22-11-16 16:34:29.368 : -965 --> BSRGAN --> x4--> 000964.jpg
22-11-16 16:34:30.187 : -966 --> BSRGAN --> x4--> 000965.jpg
22-11-16 16:34:31.002 : -967 --> BSRGAN --> x4--> 000966.jpg
22-11-16 16:34:31.814 : -968 --> BSRGAN --> x4--> 000967.jpg
22-11-16 16:34:32.611 : -969 --> BSRGAN --> x4--> 000968.jpg
22-11-16 16:34:33.423 : -970 --> BSRGAN --> x4--> 000969.jpg
23-02-15 16:41:40.063 :       Model Name : BSRGAN
23-02-15 16:41:40.064 :           GPU ID : 0
23-02-15 16:41:41.799 :       Input Path : testsets\RealSRSet
23-02-15 16:41:41.800 :      Output Path : testsets\RealSRSet_results_x4
23-02-15 16:41:41.800 : ---1 --> BSRGAN --> x4--> Lincoln.png
23-02-15 16:41:44.320 : ---2 --> BSRGAN --> x4--> building.png
23-02-15 16:41:44.466 : ---3 --> BSRGAN --> x4--> butterfly.png
23-02-15 16:41:44.787 : ---4 --> BSRGAN --> x4--> butterfly2.png
23-02-15 16:41:44.964 : ---5 --> BSRGAN --> x4--> chip.png
23-02-15 16:41:45.053 : ---6 --> BSRGAN --> x4--> comic1.png
23-02-15 16:41:45.152 : ---7 --> BSRGAN --> x4--> comic2.png
23-02-15 16:41:45.327 : ---8 --> BSRGAN --> x4--> comic3.png
23-02-15 16:41:45.643 : ---9 --> BSRGAN --> x4--> computer.png
23-02-15 16:41:46.009 : --10 --> BSRGAN --> x4--> dog.png
23-02-15 16:41:46.492 : --11 --> BSRGAN --> x4--> dped_crop00061.png
23-02-15 16:41:46.759 : --12 --> BSRGAN --> x4--> foreman.png
23-02-15 16:41:47.083 : --13 --> BSRGAN --> x4--> frog.png
23-02-15 16:41:47.379 : --14 --> BSRGAN --> x4--> oldphoto2.png
23-02-15 16:41:47.518 : --15 --> BSRGAN --> x4--> oldphoto3.png
23-02-15 16:41:47.669 : --16 --> BSRGAN --> x4--> oldphoto6.png
23-02-15 16:41:47.993 : --17 --> BSRGAN --> x4--> painting.png
23-02-15 16:41:48.278 : --18 --> BSRGAN --> x4--> pattern.png
23-02-15 16:41:48.475 : --19 --> BSRGAN --> x4--> ppt3.png
23-02-15 16:41:48.746 : --20 --> BSRGAN --> x4--> tiger.png
23-02-15 16:42:11.167 :       Model Name : BSRGAN
23-02-15 16:42:11.168 :           GPU ID : 0
23-02-15 16:42:11.612 :       Input Path : testsets\RealSRSet
23-02-15 16:42:11.613 :      Output Path : testsets\RealSRSet_results_x4
23-02-15 16:42:11.614 : ---1 --> BSRGAN --> x4--> Lincoln.png
23-02-15 16:42:14.060 : ---2 --> BSRGAN --> x4--> building.png
23-02-15 16:42:14.190 : ---3 --> BSRGAN --> x4--> butterfly.png
23-02-15 16:42:14.503 : ---4 --> BSRGAN --> x4--> butterfly2.png
23-02-15 16:42:14.677 : ---5 --> BSRGAN --> x4--> chip.png
23-02-15 16:42:14.754 : ---6 --> BSRGAN --> x4--> comic1.png
23-02-15 16:42:14.832 : ---7 --> BSRGAN --> x4--> comic2.png
23-02-15 16:42:15.000 : ---8 --> BSRGAN --> x4--> comic3.png
23-02-15 16:42:15.312 : ---9 --> BSRGAN --> x4--> computer.png
23-02-15 16:42:15.678 : --10 --> BSRGAN --> x4--> dog.png
23-02-15 16:42:16.150 : --11 --> BSRGAN --> x4--> dped_crop00061.png
23-02-15 16:42:16.418 : --12 --> BSRGAN --> x4--> foreman.png
23-02-15 16:42:16.730 : --13 --> BSRGAN --> x4--> frog.png
23-02-15 16:42:16.995 : --14 --> BSRGAN --> x4--> input.png
23-02-15 16:42:18.202 : --15 --> BSRGAN --> x4--> oldphoto2.png
23-02-15 16:42:18.329 : --16 --> BSRGAN --> x4--> oldphoto3.png
23-02-15 16:42:18.478 : --17 --> BSRGAN --> x4--> oldphoto6.png
23-02-15 16:42:18.796 : --18 --> BSRGAN --> x4--> painting.png
23-02-15 16:42:19.071 : --19 --> BSRGAN --> x4--> pattern.png
23-02-15 16:42:19.261 : --20 --> BSRGAN --> x4--> ppt3.png
23-02-15 16:42:19.517 : --21 --> BSRGAN --> x4--> tiger.png
23-02-27 13:59:19.442 :       Model Name : BSRGAN
23-02-27 13:59:19.455 :           GPU ID : 0
23-02-27 13:59:21.193 :       Input Path : testsets\RealSRSet
23-02-27 13:59:21.194 :      Output Path : testsets\RealSRSet_results_x4
23-02-27 13:59:21.194 : ---1 --> BSRGAN --> x4--> 1.png
23-02-27 13:59:24.690 : ---2 --> BSRGAN --> x4--> Lincoln.png
23-02-27 13:59:24.827 : ---3 --> BSRGAN --> x4--> building.png
23-02-27 13:59:24.955 : ---4 --> BSRGAN --> x4--> butterfly.png
23-02-27 13:59:25.270 : ---5 --> BSRGAN --> x4--> butterfly2.png
23-02-27 13:59:25.436 : ---6 --> BSRGAN --> x4--> chip.png
23-02-27 13:59:25.519 : ---7 --> BSRGAN --> x4--> comic1.png
23-02-27 13:59:25.594 : ---8 --> BSRGAN --> x4--> comic2.png
23-02-27 13:59:25.762 : ---9 --> BSRGAN --> x4--> comic3.png
23-02-27 13:59:26.073 : --10 --> BSRGAN --> x4--> computer.png
23-02-27 13:59:26.435 : --11 --> BSRGAN --> x4--> dog.png
23-02-27 13:59:26.897 : --12 --> BSRGAN --> x4--> dped_crop00061.png
23-02-27 13:59:27.161 : --13 --> BSRGAN --> x4--> foreman.png
23-02-27 13:59:27.476 : --14 --> BSRGAN --> x4--> frog.png
23-02-27 13:59:27.740 : --15 --> BSRGAN --> x4--> input.png
23-02-27 13:59:28.944 : --16 --> BSRGAN --> x4--> oldphoto2.png
23-02-27 13:59:29.072 : --17 --> BSRGAN --> x4--> oldphoto3.png
23-02-27 13:59:29.211 : --18 --> BSRGAN --> x4--> oldphoto6.png
23-02-27 13:59:29.528 : --19 --> BSRGAN --> x4--> painting.png
23-02-27 13:59:29.795 : --20 --> BSRGAN --> x4--> pattern.png
23-02-27 13:59:29.977 : --21 --> BSRGAN --> x4--> ppt3.png
23-02-27 13:59:30.236 : --22 --> BSRGAN --> x4--> tiger.png
23-03-14 17:18:34.037 :       Model Name : BSRGAN
23-03-14 17:18:34.051 :           GPU ID : 0
23-03-14 17:18:35.730 :       Input Path : testsets\RealSRSet
23-03-14 17:18:35.730 :      Output Path : testsets\RealSRSet_results_x4
23-03-14 17:18:35.731 : ---1 --> BSRGAN --> x4--> 1.png
23-03-14 17:18:44.578 : ---2 --> BSRGAN --> x4--> 222.jpg
23-03-14 17:18:46.770 : ---3 --> BSRGAN --> x4--> Lincoln.png
23-03-14 17:18:46.965 : ---4 --> BSRGAN --> x4--> building.png
23-03-14 17:18:47.145 : ---5 --> BSRGAN --> x4--> butterfly.png
23-03-14 17:18:47.559 : ---6 --> BSRGAN --> x4--> butterfly2.png
23-03-14 17:18:47.781 : ---7 --> BSRGAN --> x4--> chip.png
23-03-14 17:18:47.881 : ---8 --> BSRGAN --> x4--> comic1.png
23-03-14 17:18:47.999 : ---9 --> BSRGAN --> x4--> comic2.png
23-03-14 17:18:48.220 : --10 --> BSRGAN --> x4--> comic3.png
23-03-14 17:18:48.632 : --11 --> BSRGAN --> x4--> computer.png
23-03-14 17:18:49.112 : --12 --> BSRGAN --> x4--> dog.png
23-03-14 17:18:49.731 : --13 --> BSRGAN --> x4--> dped_crop00061.png
23-03-14 17:18:50.090 : --14 --> BSRGAN --> x4--> foreman.png
23-03-14 17:18:50.500 : --15 --> BSRGAN --> x4--> frog.png
23-03-14 17:18:50.850 : --16 --> BSRGAN --> x4--> input.png
23-03-14 17:18:52.499 : --17 --> BSRGAN --> x4--> oldphoto2.png
23-03-14 17:18:52.673 : --18 --> BSRGAN --> x4--> oldphoto3.png
23-03-14 17:18:52.865 : --19 --> BSRGAN --> x4--> oldphoto6.png
23-03-14 17:18:53.275 : --20 --> BSRGAN --> x4--> painting.png
23-03-14 17:18:53.783 : --21 --> BSRGAN --> x4--> pattern.png
23-03-14 17:18:54.029 : --22 --> BSRGAN --> x4--> ppt3.png
23-03-14 17:18:54.356 : --23 --> BSRGAN --> x4--> tiger.png
23-03-14 17:22:04.371 :       Model Name : BSRGAN
23-03-14 17:22:04.373 :           GPU ID : 0
23-03-14 17:22:04.821 :       Input Path : testsets\RealSRSet
23-03-14 17:22:04.822 :      Output Path : testsets\RealSRSet_results_x4
23-03-14 17:22:04.822 : ---1 --> BSRGAN --> x4--> 1.png
23-03-14 17:22:08.632 : ---2 --> BSRGAN --> x4--> 222.jpg
23-03-14 17:22:10.839 : ---3 --> BSRGAN --> x4--> 222_BSRGAN.png
23-03-14 17:22:49.326 :       Model Name : BSRGAN
23-03-14 17:22:49.328 :           GPU ID : 0
23-03-14 17:22:49.744 :       Input Path : testsets\RealSRSet
23-03-14 17:22:49.745 :      Output Path : testsets\RealSRSet_results_x4
23-03-14 17:22:49.745 : ---1 --> BSRGAN --> x4--> 1.png
23-03-14 17:22:53.510 : ---2 --> BSRGAN --> x4--> 222.jpg
23-03-14 17:22:55.681 : ---3 --> BSRGAN --> x4--> 222_BSRGAN.png
23-03-14 17:26:11.488 :       Model Name : BSRGAN
23-03-14 17:26:11.490 :           GPU ID : 0
23-03-14 17:26:11.948 :       Input Path : testsets\RealSRSet
23-03-14 17:26:11.949 :      Output Path : testsets\RealSRSet_results_x4
23-03-14 17:26:11.949 : ---1 --> BSRGAN --> x4--> 1.png
23-03-14 17:26:15.850 : ---2 --> BSRGAN --> x4--> 222.jpg
23-03-14 17:26:18.078 : ---3 --> BSRGAN --> x4--> 444.png
23-03-14 17:26:25.951 : ---4 --> BSRGAN --> x4--> Lincoln.png
23-03-14 17:26:26.269 : ---5 --> BSRGAN --> x4--> building.png
23-03-14 17:26:26.482 : ---6 --> BSRGAN --> x4--> butterfly.png
23-03-14 17:26:27.042 : ---7 --> BSRGAN --> x4--> butterfly2.png
23-03-14 17:26:27.286 : ---8 --> BSRGAN --> x4--> chip.png
23-03-14 17:26:27.419 : ---9 --> BSRGAN --> x4--> comic1.png
23-03-14 17:26:27.537 : --10 --> BSRGAN --> x4--> comic2.png
23-03-14 17:26:27.819 : --11 --> BSRGAN --> x4--> comic3.png
23-03-14 17:26:28.344 : --12 --> BSRGAN --> x4--> computer.png
23-03-14 17:26:29.032 : --13 --> BSRGAN --> x4--> dog.png
23-03-14 17:26:30.013 : --14 --> BSRGAN --> x4--> dped_crop00061.png
23-03-14 17:26:30.609 : --15 --> BSRGAN --> x4--> foreman.png
23-03-14 17:26:31.151 : --16 --> BSRGAN --> x4--> frog.png
23-03-14 17:26:31.641 : --17 --> BSRGAN --> x4--> input.png
23-03-14 17:26:33.985 : --18 --> BSRGAN --> x4--> oldphoto2.png
23-03-14 17:26:34.224 : --19 --> BSRGAN --> x4--> oldphoto3.png
23-03-14 17:26:34.530 : --20 --> BSRGAN --> x4--> oldphoto6.png
23-03-14 17:26:35.145 : --21 --> BSRGAN --> x4--> painting.png
23-03-14 17:26:35.560 : --22 --> BSRGAN --> x4--> pattern.png
23-03-14 17:26:35.842 : --23 --> BSRGAN --> x4--> ppt3.png
23-03-14 17:26:36.335 : --24 --> BSRGAN --> x4--> tiger.png
